<?xml version="1.0" encoding="UTF-8"?>
<testng-results skipped="0" failed="0" total="226" passed="226">
  <reporter-output>
  </reporter-output>
  <suite name="Surefire suite" duration-ms="702" started-at="2017-02-08T03:48:51Z" finished-at="2017-02-08T03:48:52Z">
    <groups>
    </groups>
    <test name="Surefire test" duration-ms="702" started-at="2017-02-08T03:48:51Z" finished-at="2017-02-08T03:48:52Z">
      <class name="org.apache.storm.starter.bolt.TotalRankingsBoltTest">
        <test-method status="PASS" signature="negativeOrZeroEmitFrequencyShouldThrowIAE(int)[pri:0, instance:org.apache.storm.starter.bolt.TotalRankingsBoltTest@e45f292]" name="negativeOrZeroEmitFrequencyShouldThrowIAE" duration-ms="1" started-at="2017-02-08T12:48:52Z" data-provider="illegalEmitFrequency" finished-at="2017-02-08T12:48:52Z">
          <params>
            <param index="0">
              <value>
                <![CDATA[-10]]>
              </value>
            </param>
          </params>
          <exception class="java.lang.IllegalArgumentException">
            <message>
              <![CDATA[The emit frequency must be >= 1 seconds (you requested -10 seconds)]]>
            </message>
            <full-stacktrace>
              <![CDATA[java.lang.IllegalArgumentException: The emit frequency must be >= 1 seconds (you requested -10 seconds)
	at org.apache.storm.starter.bolt.AbstractRankerBolt.<init>(AbstractRankerBolt.java:64)
	at org.apache.storm.starter.bolt.TotalRankingsBolt.<init>(TotalRankingsBolt.java:44)
	at org.apache.storm.starter.bolt.TotalRankingsBoltTest.negativeOrZeroEmitFrequencyShouldThrowIAE(TotalRankingsBoltTest.java:69)
	at sun.reflect.NativeMethodAccessorImpl.invoke0(Native Method)
	at sun.reflect.NativeMethodAccessorImpl.invoke(NativeMethodAccessorImpl.java:62)
	at sun.reflect.DelegatingMethodAccessorImpl.invoke(DelegatingMethodAccessorImpl.java:43)
	at java.lang.reflect.Method.invoke(Method.java:498)
	at org.testng.internal.MethodInvocationHelper.invokeMethod(MethodInvocationHelper.java:84)
	at org.testng.internal.Invoker.invokeMethod(Invoker.java:714)
	at org.testng.internal.Invoker.invokeTestMethod(Invoker.java:901)
	at org.testng.internal.Invoker.invokeTestMethods(Invoker.java:1231)
	at org.testng.internal.TestMethodWorker.invokeTestMethods(TestMethodWorker.java:127)
	at org.testng.internal.TestMethodWorker.run(TestMethodWorker.java:111)
	at org.testng.TestRunner.privateRun(TestRunner.java:767)
	at org.testng.TestRunner.run(TestRunner.java:617)
	at org.testng.SuiteRunner.runTest(SuiteRunner.java:334)
	at org.testng.SuiteRunner.runSequentially(SuiteRunner.java:329)
	at org.testng.SuiteRunner.privateRun(SuiteRunner.java:291)
	at org.testng.SuiteRunner.run(SuiteRunner.java:240)
	at org.testng.SuiteRunnerWorker.runSuite(SuiteRunnerWorker.java:52)
	at org.testng.SuiteRunnerWorker.run(SuiteRunnerWorker.java:86)
	at org.testng.TestNG.runSuitesSequentially(TestNG.java:1224)
	at org.testng.TestNG.runSuitesLocally(TestNG.java:1149)
	at org.testng.TestNG.run(TestNG.java:1057)
	at org.apache.maven.surefire.testng.TestNGExecutor.run(TestNGExecutor.java:115)
	at org.apache.maven.surefire.testng.TestNGDirectoryTestSuite.executeMulti(TestNGDirectoryTestSuite.java:205)
	at org.apache.maven.surefire.testng.TestNGDirectoryTestSuite.execute(TestNGDirectoryTestSuite.java:108)
	at org.apache.maven.surefire.testng.TestNGProvider.invoke(TestNGProvider.java:111)
	at org.apache.maven.surefire.booter.ForkedBooter.invokeProviderInSameClassLoader(ForkedBooter.java:203)
	at org.apache.maven.surefire.booter.ForkedBooter.runSuitesInProcess(ForkedBooter.java:155)
	at org.apache.maven.surefire.booter.ForkedBooter.main(ForkedBooter.java:103)
]]>
            </full-stacktrace>
          </exception> <!-- java.lang.IllegalArgumentException -->
          <reporter-output>
          </reporter-output>
        </test-method> <!-- negativeOrZeroEmitFrequencyShouldThrowIAE -->
        <test-method status="PASS" signature="negativeOrZeroEmitFrequencyShouldThrowIAE(int)[pri:0, instance:org.apache.storm.starter.bolt.TotalRankingsBoltTest@e45f292]" name="negativeOrZeroEmitFrequencyShouldThrowIAE" duration-ms="0" started-at="2017-02-08T12:48:52Z" data-provider="illegalEmitFrequency" finished-at="2017-02-08T12:48:52Z">
          <params>
            <param index="0">
              <value>
                <![CDATA[0]]>
              </value>
            </param>
          </params>
          <exception class="java.lang.IllegalArgumentException">
            <message>
              <![CDATA[The emit frequency must be >= 1 seconds (you requested 0 seconds)]]>
            </message>
            <full-stacktrace>
              <![CDATA[java.lang.IllegalArgumentException: The emit frequency must be >= 1 seconds (you requested 0 seconds)
	at org.apache.storm.starter.bolt.AbstractRankerBolt.<init>(AbstractRankerBolt.java:64)
	at org.apache.storm.starter.bolt.TotalRankingsBolt.<init>(TotalRankingsBolt.java:44)
	at org.apache.storm.starter.bolt.TotalRankingsBoltTest.negativeOrZeroEmitFrequencyShouldThrowIAE(TotalRankingsBoltTest.java:69)
	at sun.reflect.NativeMethodAccessorImpl.invoke0(Native Method)
	at sun.reflect.NativeMethodAccessorImpl.invoke(NativeMethodAccessorImpl.java:62)
	at sun.reflect.DelegatingMethodAccessorImpl.invoke(DelegatingMethodAccessorImpl.java:43)
	at java.lang.reflect.Method.invoke(Method.java:498)
	at org.testng.internal.MethodInvocationHelper.invokeMethod(MethodInvocationHelper.java:84)
	at org.testng.internal.Invoker.invokeMethod(Invoker.java:714)
	at org.testng.internal.Invoker.invokeTestMethod(Invoker.java:901)
	at org.testng.internal.Invoker.invokeTestMethods(Invoker.java:1231)
	at org.testng.internal.TestMethodWorker.invokeTestMethods(TestMethodWorker.java:127)
	at org.testng.internal.TestMethodWorker.run(TestMethodWorker.java:111)
	at org.testng.TestRunner.privateRun(TestRunner.java:767)
	at org.testng.TestRunner.run(TestRunner.java:617)
	at org.testng.SuiteRunner.runTest(SuiteRunner.java:334)
	at org.testng.SuiteRunner.runSequentially(SuiteRunner.java:329)
	at org.testng.SuiteRunner.privateRun(SuiteRunner.java:291)
	at org.testng.SuiteRunner.run(SuiteRunner.java:240)
	at org.testng.SuiteRunnerWorker.runSuite(SuiteRunnerWorker.java:52)
	at org.testng.SuiteRunnerWorker.run(SuiteRunnerWorker.java:86)
	at org.testng.TestNG.runSuitesSequentially(TestNG.java:1224)
	at org.testng.TestNG.runSuitesLocally(TestNG.java:1149)
	at org.testng.TestNG.run(TestNG.java:1057)
	at org.apache.maven.surefire.testng.TestNGExecutor.run(TestNGExecutor.java:115)
	at org.apache.maven.surefire.testng.TestNGDirectoryTestSuite.executeMulti(TestNGDirectoryTestSuite.java:205)
	at org.apache.maven.surefire.testng.TestNGDirectoryTestSuite.execute(TestNGDirectoryTestSuite.java:108)
	at org.apache.maven.surefire.testng.TestNGProvider.invoke(TestNGProvider.java:111)
	at org.apache.maven.surefire.booter.ForkedBooter.invokeProviderInSameClassLoader(ForkedBooter.java:203)
	at org.apache.maven.surefire.booter.ForkedBooter.runSuitesInProcess(ForkedBooter.java:155)
	at org.apache.maven.surefire.booter.ForkedBooter.main(ForkedBooter.java:103)
]]>
            </full-stacktrace>
          </exception> <!-- java.lang.IllegalArgumentException -->
          <reporter-output>
          </reporter-output>
        </test-method> <!-- negativeOrZeroEmitFrequencyShouldThrowIAE -->
        <test-method status="PASS" signature="negativeOrZeroEmitFrequencyShouldThrowIAE(int)[pri:0, instance:org.apache.storm.starter.bolt.TotalRankingsBoltTest@e45f292]" name="negativeOrZeroEmitFrequencyShouldThrowIAE" duration-ms="0" started-at="2017-02-08T12:48:52Z" data-provider="illegalEmitFrequency" finished-at="2017-02-08T12:48:52Z">
          <params>
            <param index="0">
              <value>
                <![CDATA[-3]]>
              </value>
            </param>
          </params>
          <exception class="java.lang.IllegalArgumentException">
            <message>
              <![CDATA[The emit frequency must be >= 1 seconds (you requested -3 seconds)]]>
            </message>
            <full-stacktrace>
              <![CDATA[java.lang.IllegalArgumentException: The emit frequency must be >= 1 seconds (you requested -3 seconds)
	at org.apache.storm.starter.bolt.AbstractRankerBolt.<init>(AbstractRankerBolt.java:64)
	at org.apache.storm.starter.bolt.TotalRankingsBolt.<init>(TotalRankingsBolt.java:44)
	at org.apache.storm.starter.bolt.TotalRankingsBoltTest.negativeOrZeroEmitFrequencyShouldThrowIAE(TotalRankingsBoltTest.java:69)
	at sun.reflect.NativeMethodAccessorImpl.invoke0(Native Method)
	at sun.reflect.NativeMethodAccessorImpl.invoke(NativeMethodAccessorImpl.java:62)
	at sun.reflect.DelegatingMethodAccessorImpl.invoke(DelegatingMethodAccessorImpl.java:43)
	at java.lang.reflect.Method.invoke(Method.java:498)
	at org.testng.internal.MethodInvocationHelper.invokeMethod(MethodInvocationHelper.java:84)
	at org.testng.internal.Invoker.invokeMethod(Invoker.java:714)
	at org.testng.internal.Invoker.invokeTestMethod(Invoker.java:901)
	at org.testng.internal.Invoker.invokeTestMethods(Invoker.java:1231)
	at org.testng.internal.TestMethodWorker.invokeTestMethods(TestMethodWorker.java:127)
	at org.testng.internal.TestMethodWorker.run(TestMethodWorker.java:111)
	at org.testng.TestRunner.privateRun(TestRunner.java:767)
	at org.testng.TestRunner.run(TestRunner.java:617)
	at org.testng.SuiteRunner.runTest(SuiteRunner.java:334)
	at org.testng.SuiteRunner.runSequentially(SuiteRunner.java:329)
	at org.testng.SuiteRunner.privateRun(SuiteRunner.java:291)
	at org.testng.SuiteRunner.run(SuiteRunner.java:240)
	at org.testng.SuiteRunnerWorker.runSuite(SuiteRunnerWorker.java:52)
	at org.testng.SuiteRunnerWorker.run(SuiteRunnerWorker.java:86)
	at org.testng.TestNG.runSuitesSequentially(TestNG.java:1224)
	at org.testng.TestNG.runSuitesLocally(TestNG.java:1149)
	at org.testng.TestNG.run(TestNG.java:1057)
	at org.apache.maven.surefire.testng.TestNGExecutor.run(TestNGExecutor.java:115)
	at org.apache.maven.surefire.testng.TestNGDirectoryTestSuite.executeMulti(TestNGDirectoryTestSuite.java:205)
	at org.apache.maven.surefire.testng.TestNGDirectoryTestSuite.execute(TestNGDirectoryTestSuite.java:108)
	at org.apache.maven.surefire.testng.TestNGProvider.invoke(TestNGProvider.java:111)
	at org.apache.maven.surefire.booter.ForkedBooter.invokeProviderInSameClassLoader(ForkedBooter.java:203)
	at org.apache.maven.surefire.booter.ForkedBooter.runSuitesInProcess(ForkedBooter.java:155)
	at org.apache.maven.surefire.booter.ForkedBooter.main(ForkedBooter.java:103)
]]>
            </full-stacktrace>
          </exception> <!-- java.lang.IllegalArgumentException -->
          <reporter-output>
          </reporter-output>
        </test-method> <!-- negativeOrZeroEmitFrequencyShouldThrowIAE -->
        <test-method status="PASS" signature="negativeOrZeroEmitFrequencyShouldThrowIAE(int)[pri:0, instance:org.apache.storm.starter.bolt.TotalRankingsBoltTest@e45f292]" name="negativeOrZeroEmitFrequencyShouldThrowIAE" duration-ms="0" started-at="2017-02-08T12:48:52Z" data-provider="illegalEmitFrequency" finished-at="2017-02-08T12:48:52Z">
          <params>
            <param index="0">
              <value>
                <![CDATA[-1]]>
              </value>
            </param>
          </params>
          <exception class="java.lang.IllegalArgumentException">
            <message>
              <![CDATA[The emit frequency must be >= 1 seconds (you requested -1 seconds)]]>
            </message>
            <full-stacktrace>
              <![CDATA[java.lang.IllegalArgumentException: The emit frequency must be >= 1 seconds (you requested -1 seconds)
	at org.apache.storm.starter.bolt.AbstractRankerBolt.<init>(AbstractRankerBolt.java:64)
	at org.apache.storm.starter.bolt.TotalRankingsBolt.<init>(TotalRankingsBolt.java:44)
	at org.apache.storm.starter.bolt.TotalRankingsBoltTest.negativeOrZeroEmitFrequencyShouldThrowIAE(TotalRankingsBoltTest.java:69)
	at sun.reflect.NativeMethodAccessorImpl.invoke0(Native Method)
	at sun.reflect.NativeMethodAccessorImpl.invoke(NativeMethodAccessorImpl.java:62)
	at sun.reflect.DelegatingMethodAccessorImpl.invoke(DelegatingMethodAccessorImpl.java:43)
	at java.lang.reflect.Method.invoke(Method.java:498)
	at org.testng.internal.MethodInvocationHelper.invokeMethod(MethodInvocationHelper.java:84)
	at org.testng.internal.Invoker.invokeMethod(Invoker.java:714)
	at org.testng.internal.Invoker.invokeTestMethod(Invoker.java:901)
	at org.testng.internal.Invoker.invokeTestMethods(Invoker.java:1231)
	at org.testng.internal.TestMethodWorker.invokeTestMethods(TestMethodWorker.java:127)
	at org.testng.internal.TestMethodWorker.run(TestMethodWorker.java:111)
	at org.testng.TestRunner.privateRun(TestRunner.java:767)
	at org.testng.TestRunner.run(TestRunner.java:617)
	at org.testng.SuiteRunner.runTest(SuiteRunner.java:334)
	at org.testng.SuiteRunner.runSequentially(SuiteRunner.java:329)
	at org.testng.SuiteRunner.privateRun(SuiteRunner.java:291)
	at org.testng.SuiteRunner.run(SuiteRunner.java:240)
	at org.testng.SuiteRunnerWorker.runSuite(SuiteRunnerWorker.java:52)
	at org.testng.SuiteRunnerWorker.run(SuiteRunnerWorker.java:86)
	at org.testng.TestNG.runSuitesSequentially(TestNG.java:1224)
	at org.testng.TestNG.runSuitesLocally(TestNG.java:1149)
	at org.testng.TestNG.run(TestNG.java:1057)
	at org.apache.maven.surefire.testng.TestNGExecutor.run(TestNGExecutor.java:115)
	at org.apache.maven.surefire.testng.TestNGDirectoryTestSuite.executeMulti(TestNGDirectoryTestSuite.java:205)
	at org.apache.maven.surefire.testng.TestNGDirectoryTestSuite.execute(TestNGDirectoryTestSuite.java:108)
	at org.apache.maven.surefire.testng.TestNGProvider.invoke(TestNGProvider.java:111)
	at org.apache.maven.surefire.booter.ForkedBooter.invokeProviderInSameClassLoader(ForkedBooter.java:203)
	at org.apache.maven.surefire.booter.ForkedBooter.runSuitesInProcess(ForkedBooter.java:155)
	at org.apache.maven.surefire.booter.ForkedBooter.main(ForkedBooter.java:103)
]]>
            </full-stacktrace>
          </exception> <!-- java.lang.IllegalArgumentException -->
          <reporter-output>
          </reporter-output>
        </test-method> <!-- negativeOrZeroEmitFrequencyShouldThrowIAE -->
        <test-method status="PASS" signature="negativeOrZeroEmitFrequencyShouldThrowIAE(int)[pri:0, instance:org.apache.storm.starter.bolt.TotalRankingsBoltTest@e45f292]" name="negativeOrZeroEmitFrequencyShouldThrowIAE" duration-ms="0" started-at="2017-02-08T12:48:52Z" data-provider="illegalEmitFrequency" finished-at="2017-02-08T12:48:52Z">
          <params>
            <param index="0">
              <value>
                <![CDATA[-2]]>
              </value>
            </param>
          </params>
          <exception class="java.lang.IllegalArgumentException">
            <message>
              <![CDATA[The emit frequency must be >= 1 seconds (you requested -2 seconds)]]>
            </message>
            <full-stacktrace>
              <![CDATA[java.lang.IllegalArgumentException: The emit frequency must be >= 1 seconds (you requested -2 seconds)
	at org.apache.storm.starter.bolt.AbstractRankerBolt.<init>(AbstractRankerBolt.java:64)
	at org.apache.storm.starter.bolt.TotalRankingsBolt.<init>(TotalRankingsBolt.java:44)
	at org.apache.storm.starter.bolt.TotalRankingsBoltTest.negativeOrZeroEmitFrequencyShouldThrowIAE(TotalRankingsBoltTest.java:69)
	at sun.reflect.NativeMethodAccessorImpl.invoke0(Native Method)
	at sun.reflect.NativeMethodAccessorImpl.invoke(NativeMethodAccessorImpl.java:62)
	at sun.reflect.DelegatingMethodAccessorImpl.invoke(DelegatingMethodAccessorImpl.java:43)
	at java.lang.reflect.Method.invoke(Method.java:498)
	at org.testng.internal.MethodInvocationHelper.invokeMethod(MethodInvocationHelper.java:84)
	at org.testng.internal.Invoker.invokeMethod(Invoker.java:714)
	at org.testng.internal.Invoker.invokeTestMethod(Invoker.java:901)
	at org.testng.internal.Invoker.invokeTestMethods(Invoker.java:1231)
	at org.testng.internal.TestMethodWorker.invokeTestMethods(TestMethodWorker.java:127)
	at org.testng.internal.TestMethodWorker.run(TestMethodWorker.java:111)
	at org.testng.TestRunner.privateRun(TestRunner.java:767)
	at org.testng.TestRunner.run(TestRunner.java:617)
	at org.testng.SuiteRunner.runTest(SuiteRunner.java:334)
	at org.testng.SuiteRunner.runSequentially(SuiteRunner.java:329)
	at org.testng.SuiteRunner.privateRun(SuiteRunner.java:291)
	at org.testng.SuiteRunner.run(SuiteRunner.java:240)
	at org.testng.SuiteRunnerWorker.runSuite(SuiteRunnerWorker.java:52)
	at org.testng.SuiteRunnerWorker.run(SuiteRunnerWorker.java:86)
	at org.testng.TestNG.runSuitesSequentially(TestNG.java:1224)
	at org.testng.TestNG.runSuitesLocally(TestNG.java:1149)
	at org.testng.TestNG.run(TestNG.java:1057)
	at org.apache.maven.surefire.testng.TestNGExecutor.run(TestNGExecutor.java:115)
	at org.apache.maven.surefire.testng.TestNGDirectoryTestSuite.executeMulti(TestNGDirectoryTestSuite.java:205)
	at org.apache.maven.surefire.testng.TestNGDirectoryTestSuite.execute(TestNGDirectoryTestSuite.java:108)
	at org.apache.maven.surefire.testng.TestNGProvider.invoke(TestNGProvider.java:111)
	at org.apache.maven.surefire.booter.ForkedBooter.invokeProviderInSameClassLoader(ForkedBooter.java:203)
	at org.apache.maven.surefire.booter.ForkedBooter.runSuitesInProcess(ForkedBooter.java:155)
	at org.apache.maven.surefire.booter.ForkedBooter.main(ForkedBooter.java:103)
]]>
            </full-stacktrace>
          </exception> <!-- java.lang.IllegalArgumentException -->
          <reporter-output>
          </reporter-output>
        </test-method> <!-- negativeOrZeroEmitFrequencyShouldThrowIAE -->
        <test-method status="PASS" signature="negativeOrZeroTopNShouldThrowIAE(int)[pri:0, instance:org.apache.storm.starter.bolt.TotalRankingsBoltTest@e45f292]" name="negativeOrZeroTopNShouldThrowIAE" duration-ms="0" started-at="2017-02-08T12:48:52Z" data-provider="illegalTopN" finished-at="2017-02-08T12:48:52Z">
          <params>
            <param index="0">
              <value>
                <![CDATA[-10]]>
              </value>
            </param>
          </params>
          <exception class="java.lang.IllegalArgumentException">
            <message>
              <![CDATA[topN must be >= 1 (you requested -10)]]>
            </message>
            <full-stacktrace>
              <![CDATA[java.lang.IllegalArgumentException: topN must be >= 1 (you requested -10)
	at org.apache.storm.starter.bolt.AbstractRankerBolt.<init>(AbstractRankerBolt.java:61)
	at org.apache.storm.starter.bolt.AbstractRankerBolt.<init>(AbstractRankerBolt.java:56)
	at org.apache.storm.starter.bolt.TotalRankingsBolt.<init>(TotalRankingsBolt.java:40)
	at org.apache.storm.starter.bolt.TotalRankingsBoltTest.negativeOrZeroTopNShouldThrowIAE(TotalRankingsBoltTest.java:59)
	at sun.reflect.NativeMethodAccessorImpl.invoke0(Native Method)
	at sun.reflect.NativeMethodAccessorImpl.invoke(NativeMethodAccessorImpl.java:62)
	at sun.reflect.DelegatingMethodAccessorImpl.invoke(DelegatingMethodAccessorImpl.java:43)
	at java.lang.reflect.Method.invoke(Method.java:498)
	at org.testng.internal.MethodInvocationHelper.invokeMethod(MethodInvocationHelper.java:84)
	at org.testng.internal.Invoker.invokeMethod(Invoker.java:714)
	at org.testng.internal.Invoker.invokeTestMethod(Invoker.java:901)
	at org.testng.internal.Invoker.invokeTestMethods(Invoker.java:1231)
	at org.testng.internal.TestMethodWorker.invokeTestMethods(TestMethodWorker.java:127)
	at org.testng.internal.TestMethodWorker.run(TestMethodWorker.java:111)
	at org.testng.TestRunner.privateRun(TestRunner.java:767)
	at org.testng.TestRunner.run(TestRunner.java:617)
	at org.testng.SuiteRunner.runTest(SuiteRunner.java:334)
	at org.testng.SuiteRunner.runSequentially(SuiteRunner.java:329)
	at org.testng.SuiteRunner.privateRun(SuiteRunner.java:291)
	at org.testng.SuiteRunner.run(SuiteRunner.java:240)
	at org.testng.SuiteRunnerWorker.runSuite(SuiteRunnerWorker.java:52)
	at org.testng.SuiteRunnerWorker.run(SuiteRunnerWorker.java:86)
	at org.testng.TestNG.runSuitesSequentially(TestNG.java:1224)
	at org.testng.TestNG.runSuitesLocally(TestNG.java:1149)
	at org.testng.TestNG.run(TestNG.java:1057)
	at org.apache.maven.surefire.testng.TestNGExecutor.run(TestNGExecutor.java:115)
	at org.apache.maven.surefire.testng.TestNGDirectoryTestSuite.executeMulti(TestNGDirectoryTestSuite.java:205)
	at org.apache.maven.surefire.testng.TestNGDirectoryTestSuite.execute(TestNGDirectoryTestSuite.java:108)
	at org.apache.maven.surefire.testng.TestNGProvider.invoke(TestNGProvider.java:111)
	at org.apache.maven.surefire.booter.ForkedBooter.invokeProviderInSameClassLoader(ForkedBooter.java:203)
	at org.apache.maven.surefire.booter.ForkedBooter.runSuitesInProcess(ForkedBooter.java:155)
	at org.apache.maven.surefire.booter.ForkedBooter.main(ForkedBooter.java:103)
]]>
            </full-stacktrace>
          </exception> <!-- java.lang.IllegalArgumentException -->
          <reporter-output>
          </reporter-output>
        </test-method> <!-- negativeOrZeroTopNShouldThrowIAE -->
        <test-method status="PASS" signature="negativeOrZeroTopNShouldThrowIAE(int)[pri:0, instance:org.apache.storm.starter.bolt.TotalRankingsBoltTest@e45f292]" name="negativeOrZeroTopNShouldThrowIAE" duration-ms="0" started-at="2017-02-08T12:48:52Z" data-provider="illegalTopN" finished-at="2017-02-08T12:48:52Z">
          <params>
            <param index="0">
              <value>
                <![CDATA[-3]]>
              </value>
            </param>
          </params>
          <exception class="java.lang.IllegalArgumentException">
            <message>
              <![CDATA[topN must be >= 1 (you requested -3)]]>
            </message>
            <full-stacktrace>
              <![CDATA[java.lang.IllegalArgumentException: topN must be >= 1 (you requested -3)
	at org.apache.storm.starter.bolt.AbstractRankerBolt.<init>(AbstractRankerBolt.java:61)
	at org.apache.storm.starter.bolt.AbstractRankerBolt.<init>(AbstractRankerBolt.java:56)
	at org.apache.storm.starter.bolt.TotalRankingsBolt.<init>(TotalRankingsBolt.java:40)
	at org.apache.storm.starter.bolt.TotalRankingsBoltTest.negativeOrZeroTopNShouldThrowIAE(TotalRankingsBoltTest.java:59)
	at sun.reflect.NativeMethodAccessorImpl.invoke0(Native Method)
	at sun.reflect.NativeMethodAccessorImpl.invoke(NativeMethodAccessorImpl.java:62)
	at sun.reflect.DelegatingMethodAccessorImpl.invoke(DelegatingMethodAccessorImpl.java:43)
	at java.lang.reflect.Method.invoke(Method.java:498)
	at org.testng.internal.MethodInvocationHelper.invokeMethod(MethodInvocationHelper.java:84)
	at org.testng.internal.Invoker.invokeMethod(Invoker.java:714)
	at org.testng.internal.Invoker.invokeTestMethod(Invoker.java:901)
	at org.testng.internal.Invoker.invokeTestMethods(Invoker.java:1231)
	at org.testng.internal.TestMethodWorker.invokeTestMethods(TestMethodWorker.java:127)
	at org.testng.internal.TestMethodWorker.run(TestMethodWorker.java:111)
	at org.testng.TestRunner.privateRun(TestRunner.java:767)
	at org.testng.TestRunner.run(TestRunner.java:617)
	at org.testng.SuiteRunner.runTest(SuiteRunner.java:334)
	at org.testng.SuiteRunner.runSequentially(SuiteRunner.java:329)
	at org.testng.SuiteRunner.privateRun(SuiteRunner.java:291)
	at org.testng.SuiteRunner.run(SuiteRunner.java:240)
	at org.testng.SuiteRunnerWorker.runSuite(SuiteRunnerWorker.java:52)
	at org.testng.SuiteRunnerWorker.run(SuiteRunnerWorker.java:86)
	at org.testng.TestNG.runSuitesSequentially(TestNG.java:1224)
	at org.testng.TestNG.runSuitesLocally(TestNG.java:1149)
	at org.testng.TestNG.run(TestNG.java:1057)
	at org.apache.maven.surefire.testng.TestNGExecutor.run(TestNGExecutor.java:115)
	at org.apache.maven.surefire.testng.TestNGDirectoryTestSuite.executeMulti(TestNGDirectoryTestSuite.java:205)
	at org.apache.maven.surefire.testng.TestNGDirectoryTestSuite.execute(TestNGDirectoryTestSuite.java:108)
	at org.apache.maven.surefire.testng.TestNGProvider.invoke(TestNGProvider.java:111)
	at org.apache.maven.surefire.booter.ForkedBooter.invokeProviderInSameClassLoader(ForkedBooter.java:203)
	at org.apache.maven.surefire.booter.ForkedBooter.runSuitesInProcess(ForkedBooter.java:155)
	at org.apache.maven.surefire.booter.ForkedBooter.main(ForkedBooter.java:103)
]]>
            </full-stacktrace>
          </exception> <!-- java.lang.IllegalArgumentException -->
          <reporter-output>
          </reporter-output>
        </test-method> <!-- negativeOrZeroTopNShouldThrowIAE -->
        <test-method status="PASS" signature="negativeOrZeroTopNShouldThrowIAE(int)[pri:0, instance:org.apache.storm.starter.bolt.TotalRankingsBoltTest@e45f292]" name="negativeOrZeroTopNShouldThrowIAE" duration-ms="0" started-at="2017-02-08T12:48:52Z" data-provider="illegalTopN" finished-at="2017-02-08T12:48:52Z">
          <params>
            <param index="0">
              <value>
                <![CDATA[-2]]>
              </value>
            </param>
          </params>
          <exception class="java.lang.IllegalArgumentException">
            <message>
              <![CDATA[topN must be >= 1 (you requested -2)]]>
            </message>
            <full-stacktrace>
              <![CDATA[java.lang.IllegalArgumentException: topN must be >= 1 (you requested -2)
	at org.apache.storm.starter.bolt.AbstractRankerBolt.<init>(AbstractRankerBolt.java:61)
	at org.apache.storm.starter.bolt.AbstractRankerBolt.<init>(AbstractRankerBolt.java:56)
	at org.apache.storm.starter.bolt.TotalRankingsBolt.<init>(TotalRankingsBolt.java:40)
	at org.apache.storm.starter.bolt.TotalRankingsBoltTest.negativeOrZeroTopNShouldThrowIAE(TotalRankingsBoltTest.java:59)
	at sun.reflect.NativeMethodAccessorImpl.invoke0(Native Method)
	at sun.reflect.NativeMethodAccessorImpl.invoke(NativeMethodAccessorImpl.java:62)
	at sun.reflect.DelegatingMethodAccessorImpl.invoke(DelegatingMethodAccessorImpl.java:43)
	at java.lang.reflect.Method.invoke(Method.java:498)
	at org.testng.internal.MethodInvocationHelper.invokeMethod(MethodInvocationHelper.java:84)
	at org.testng.internal.Invoker.invokeMethod(Invoker.java:714)
	at org.testng.internal.Invoker.invokeTestMethod(Invoker.java:901)
	at org.testng.internal.Invoker.invokeTestMethods(Invoker.java:1231)
	at org.testng.internal.TestMethodWorker.invokeTestMethods(TestMethodWorker.java:127)
	at org.testng.internal.TestMethodWorker.run(TestMethodWorker.java:111)
	at org.testng.TestRunner.privateRun(TestRunner.java:767)
	at org.testng.TestRunner.run(TestRunner.java:617)
	at org.testng.SuiteRunner.runTest(SuiteRunner.java:334)
	at org.testng.SuiteRunner.runSequentially(SuiteRunner.java:329)
	at org.testng.SuiteRunner.privateRun(SuiteRunner.java:291)
	at org.testng.SuiteRunner.run(SuiteRunner.java:240)
	at org.testng.SuiteRunnerWorker.runSuite(SuiteRunnerWorker.java:52)
	at org.testng.SuiteRunnerWorker.run(SuiteRunnerWorker.java:86)
	at org.testng.TestNG.runSuitesSequentially(TestNG.java:1224)
	at org.testng.TestNG.runSuitesLocally(TestNG.java:1149)
	at org.testng.TestNG.run(TestNG.java:1057)
	at org.apache.maven.surefire.testng.TestNGExecutor.run(TestNGExecutor.java:115)
	at org.apache.maven.surefire.testng.TestNGDirectoryTestSuite.executeMulti(TestNGDirectoryTestSuite.java:205)
	at org.apache.maven.surefire.testng.TestNGDirectoryTestSuite.execute(TestNGDirectoryTestSuite.java:108)
	at org.apache.maven.surefire.testng.TestNGProvider.invoke(TestNGProvider.java:111)
	at org.apache.maven.surefire.booter.ForkedBooter.invokeProviderInSameClassLoader(ForkedBooter.java:203)
	at org.apache.maven.surefire.booter.ForkedBooter.runSuitesInProcess(ForkedBooter.java:155)
	at org.apache.maven.surefire.booter.ForkedBooter.main(ForkedBooter.java:103)
]]>
            </full-stacktrace>
          </exception> <!-- java.lang.IllegalArgumentException -->
          <reporter-output>
          </reporter-output>
        </test-method> <!-- negativeOrZeroTopNShouldThrowIAE -->
        <test-method status="PASS" signature="negativeOrZeroTopNShouldThrowIAE(int)[pri:0, instance:org.apache.storm.starter.bolt.TotalRankingsBoltTest@e45f292]" name="negativeOrZeroTopNShouldThrowIAE" duration-ms="0" started-at="2017-02-08T12:48:52Z" data-provider="illegalTopN" finished-at="2017-02-08T12:48:52Z">
          <params>
            <param index="0">
              <value>
                <![CDATA[0]]>
              </value>
            </param>
          </params>
          <exception class="java.lang.IllegalArgumentException">
            <message>
              <![CDATA[topN must be >= 1 (you requested 0)]]>
            </message>
            <full-stacktrace>
              <![CDATA[java.lang.IllegalArgumentException: topN must be >= 1 (you requested 0)
	at org.apache.storm.starter.bolt.AbstractRankerBolt.<init>(AbstractRankerBolt.java:61)
	at org.apache.storm.starter.bolt.AbstractRankerBolt.<init>(AbstractRankerBolt.java:56)
	at org.apache.storm.starter.bolt.TotalRankingsBolt.<init>(TotalRankingsBolt.java:40)
	at org.apache.storm.starter.bolt.TotalRankingsBoltTest.negativeOrZeroTopNShouldThrowIAE(TotalRankingsBoltTest.java:59)
	at sun.reflect.NativeMethodAccessorImpl.invoke0(Native Method)
	at sun.reflect.NativeMethodAccessorImpl.invoke(NativeMethodAccessorImpl.java:62)
	at sun.reflect.DelegatingMethodAccessorImpl.invoke(DelegatingMethodAccessorImpl.java:43)
	at java.lang.reflect.Method.invoke(Method.java:498)
	at org.testng.internal.MethodInvocationHelper.invokeMethod(MethodInvocationHelper.java:84)
	at org.testng.internal.Invoker.invokeMethod(Invoker.java:714)
	at org.testng.internal.Invoker.invokeTestMethod(Invoker.java:901)
	at org.testng.internal.Invoker.invokeTestMethods(Invoker.java:1231)
	at org.testng.internal.TestMethodWorker.invokeTestMethods(TestMethodWorker.java:127)
	at org.testng.internal.TestMethodWorker.run(TestMethodWorker.java:111)
	at org.testng.TestRunner.privateRun(TestRunner.java:767)
	at org.testng.TestRunner.run(TestRunner.java:617)
	at org.testng.SuiteRunner.runTest(SuiteRunner.java:334)
	at org.testng.SuiteRunner.runSequentially(SuiteRunner.java:329)
	at org.testng.SuiteRunner.privateRun(SuiteRunner.java:291)
	at org.testng.SuiteRunner.run(SuiteRunner.java:240)
	at org.testng.SuiteRunnerWorker.runSuite(SuiteRunnerWorker.java:52)
	at org.testng.SuiteRunnerWorker.run(SuiteRunnerWorker.java:86)
	at org.testng.TestNG.runSuitesSequentially(TestNG.java:1224)
	at org.testng.TestNG.runSuitesLocally(TestNG.java:1149)
	at org.testng.TestNG.run(TestNG.java:1057)
	at org.apache.maven.surefire.testng.TestNGExecutor.run(TestNGExecutor.java:115)
	at org.apache.maven.surefire.testng.TestNGDirectoryTestSuite.executeMulti(TestNGDirectoryTestSuite.java:205)
	at org.apache.maven.surefire.testng.TestNGDirectoryTestSuite.execute(TestNGDirectoryTestSuite.java:108)
	at org.apache.maven.surefire.testng.TestNGProvider.invoke(TestNGProvider.java:111)
	at org.apache.maven.surefire.booter.ForkedBooter.invokeProviderInSameClassLoader(ForkedBooter.java:203)
	at org.apache.maven.surefire.booter.ForkedBooter.runSuitesInProcess(ForkedBooter.java:155)
	at org.apache.maven.surefire.booter.ForkedBooter.main(ForkedBooter.java:103)
]]>
            </full-stacktrace>
          </exception> <!-- java.lang.IllegalArgumentException -->
          <reporter-output>
          </reporter-output>
        </test-method> <!-- negativeOrZeroTopNShouldThrowIAE -->
        <test-method status="PASS" signature="negativeOrZeroTopNShouldThrowIAE(int)[pri:0, instance:org.apache.storm.starter.bolt.TotalRankingsBoltTest@e45f292]" name="negativeOrZeroTopNShouldThrowIAE" duration-ms="0" started-at="2017-02-08T12:48:52Z" data-provider="illegalTopN" finished-at="2017-02-08T12:48:52Z">
          <params>
            <param index="0">
              <value>
                <![CDATA[-1]]>
              </value>
            </param>
          </params>
          <exception class="java.lang.IllegalArgumentException">
            <message>
              <![CDATA[topN must be >= 1 (you requested -1)]]>
            </message>
            <full-stacktrace>
              <![CDATA[java.lang.IllegalArgumentException: topN must be >= 1 (you requested -1)
	at org.apache.storm.starter.bolt.AbstractRankerBolt.<init>(AbstractRankerBolt.java:61)
	at org.apache.storm.starter.bolt.AbstractRankerBolt.<init>(AbstractRankerBolt.java:56)
	at org.apache.storm.starter.bolt.TotalRankingsBolt.<init>(TotalRankingsBolt.java:40)
	at org.apache.storm.starter.bolt.TotalRankingsBoltTest.negativeOrZeroTopNShouldThrowIAE(TotalRankingsBoltTest.java:59)
	at sun.reflect.NativeMethodAccessorImpl.invoke0(Native Method)
	at sun.reflect.NativeMethodAccessorImpl.invoke(NativeMethodAccessorImpl.java:62)
	at sun.reflect.DelegatingMethodAccessorImpl.invoke(DelegatingMethodAccessorImpl.java:43)
	at java.lang.reflect.Method.invoke(Method.java:498)
	at org.testng.internal.MethodInvocationHelper.invokeMethod(MethodInvocationHelper.java:84)
	at org.testng.internal.Invoker.invokeMethod(Invoker.java:714)
	at org.testng.internal.Invoker.invokeTestMethod(Invoker.java:901)
	at org.testng.internal.Invoker.invokeTestMethods(Invoker.java:1231)
	at org.testng.internal.TestMethodWorker.invokeTestMethods(TestMethodWorker.java:127)
	at org.testng.internal.TestMethodWorker.run(TestMethodWorker.java:111)
	at org.testng.TestRunner.privateRun(TestRunner.java:767)
	at org.testng.TestRunner.run(TestRunner.java:617)
	at org.testng.SuiteRunner.runTest(SuiteRunner.java:334)
	at org.testng.SuiteRunner.runSequentially(SuiteRunner.java:329)
	at org.testng.SuiteRunner.privateRun(SuiteRunner.java:291)
	at org.testng.SuiteRunner.run(SuiteRunner.java:240)
	at org.testng.SuiteRunnerWorker.runSuite(SuiteRunnerWorker.java:52)
	at org.testng.SuiteRunnerWorker.run(SuiteRunnerWorker.java:86)
	at org.testng.TestNG.runSuitesSequentially(TestNG.java:1224)
	at org.testng.TestNG.runSuitesLocally(TestNG.java:1149)
	at org.testng.TestNG.run(TestNG.java:1057)
	at org.apache.maven.surefire.testng.TestNGExecutor.run(TestNGExecutor.java:115)
	at org.apache.maven.surefire.testng.TestNGDirectoryTestSuite.executeMulti(TestNGDirectoryTestSuite.java:205)
	at org.apache.maven.surefire.testng.TestNGDirectoryTestSuite.execute(TestNGDirectoryTestSuite.java:108)
	at org.apache.maven.surefire.testng.TestNGProvider.invoke(TestNGProvider.java:111)
	at org.apache.maven.surefire.booter.ForkedBooter.invokeProviderInSameClassLoader(ForkedBooter.java:203)
	at org.apache.maven.surefire.booter.ForkedBooter.runSuitesInProcess(ForkedBooter.java:155)
	at org.apache.maven.surefire.booter.ForkedBooter.main(ForkedBooter.java:103)
]]>
            </full-stacktrace>
          </exception> <!-- java.lang.IllegalArgumentException -->
          <reporter-output>
          </reporter-output>
        </test-method> <!-- negativeOrZeroTopNShouldThrowIAE -->
        <test-method status="PASS" signature="positiveEmitFrequencyShouldBeOk(int)[pri:0, instance:org.apache.storm.starter.bolt.TotalRankingsBoltTest@e45f292]" name="positiveEmitFrequencyShouldBeOk" duration-ms="0" started-at="2017-02-08T12:48:52Z" data-provider="legalEmitFrequency" finished-at="2017-02-08T12:48:52Z">
          <params>
            <param index="0">
              <value>
                <![CDATA[1]]>
              </value>
            </param>
          </params>
          <reporter-output>
          </reporter-output>
        </test-method> <!-- positiveEmitFrequencyShouldBeOk -->
        <test-method status="PASS" signature="positiveEmitFrequencyShouldBeOk(int)[pri:0, instance:org.apache.storm.starter.bolt.TotalRankingsBoltTest@e45f292]" name="positiveEmitFrequencyShouldBeOk" duration-ms="0" started-at="2017-02-08T12:48:52Z" data-provider="legalEmitFrequency" finished-at="2017-02-08T12:48:52Z">
          <params>
            <param index="0">
              <value>
                <![CDATA[2]]>
              </value>
            </param>
          </params>
          <reporter-output>
          </reporter-output>
        </test-method> <!-- positiveEmitFrequencyShouldBeOk -->
        <test-method status="PASS" signature="positiveEmitFrequencyShouldBeOk(int)[pri:0, instance:org.apache.storm.starter.bolt.TotalRankingsBoltTest@e45f292]" name="positiveEmitFrequencyShouldBeOk" duration-ms="0" started-at="2017-02-08T12:48:52Z" data-provider="legalEmitFrequency" finished-at="2017-02-08T12:48:52Z">
          <params>
            <param index="0">
              <value>
                <![CDATA[3]]>
              </value>
            </param>
          </params>
          <reporter-output>
          </reporter-output>
        </test-method> <!-- positiveEmitFrequencyShouldBeOk -->
        <test-method status="PASS" signature="positiveEmitFrequencyShouldBeOk(int)[pri:0, instance:org.apache.storm.starter.bolt.TotalRankingsBoltTest@e45f292]" name="positiveEmitFrequencyShouldBeOk" duration-ms="1" started-at="2017-02-08T12:48:52Z" data-provider="legalEmitFrequency" finished-at="2017-02-08T12:48:52Z">
          <params>
            <param index="0">
              <value>
                <![CDATA[20]]>
              </value>
            </param>
          </params>
          <reporter-output>
          </reporter-output>
        </test-method> <!-- positiveEmitFrequencyShouldBeOk -->
        <test-method status="PASS" signature="positiveTopNShouldBeOk(int)[pri:0, instance:org.apache.storm.starter.bolt.TotalRankingsBoltTest@e45f292]" name="positiveTopNShouldBeOk" duration-ms="0" started-at="2017-02-08T12:48:52Z" data-provider="legalTopN" finished-at="2017-02-08T12:48:52Z">
          <params>
            <param index="0">
              <value>
                <![CDATA[1]]>
              </value>
            </param>
          </params>
          <reporter-output>
          </reporter-output>
        </test-method> <!-- positiveTopNShouldBeOk -->
        <test-method status="PASS" signature="positiveTopNShouldBeOk(int)[pri:0, instance:org.apache.storm.starter.bolt.TotalRankingsBoltTest@e45f292]" name="positiveTopNShouldBeOk" duration-ms="0" started-at="2017-02-08T12:48:52Z" data-provider="legalTopN" finished-at="2017-02-08T12:48:52Z">
          <params>
            <param index="0">
              <value>
                <![CDATA[3]]>
              </value>
            </param>
          </params>
          <reporter-output>
          </reporter-output>
        </test-method> <!-- positiveTopNShouldBeOk -->
        <test-method status="PASS" signature="shouldDeclareOutputFields()[pri:0, instance:org.apache.storm.starter.bolt.TotalRankingsBoltTest@e45f292]" name="shouldDeclareOutputFields" duration-ms="1" started-at="2017-02-08T12:48:52Z" finished-at="2017-02-08T12:48:52Z">
          <reporter-output>
          </reporter-output>
        </test-method> <!-- shouldDeclareOutputFields -->
        <test-method status="PASS" signature="positiveTopNShouldBeOk(int)[pri:0, instance:org.apache.storm.starter.bolt.TotalRankingsBoltTest@e45f292]" name="positiveTopNShouldBeOk" duration-ms="0" started-at="2017-02-08T12:48:52Z" data-provider="legalTopN" finished-at="2017-02-08T12:48:52Z">
          <params>
            <param index="0">
              <value>
                <![CDATA[20]]>
              </value>
            </param>
          </params>
          <reporter-output>
          </reporter-output>
        </test-method> <!-- positiveTopNShouldBeOk -->
        <test-method status="PASS" signature="positiveTopNShouldBeOk(int)[pri:0, instance:org.apache.storm.starter.bolt.TotalRankingsBoltTest@e45f292]" name="positiveTopNShouldBeOk" duration-ms="0" started-at="2017-02-08T12:48:52Z" data-provider="legalTopN" finished-at="2017-02-08T12:48:52Z">
          <params>
            <param index="0">
              <value>
                <![CDATA[2]]>
              </value>
            </param>
          </params>
          <reporter-output>
          </reporter-output>
        </test-method> <!-- positiveTopNShouldBeOk -->
        <test-method status="PASS" signature="shouldEmitNothingIfNormalTupleIsReceived()[pri:0, instance:org.apache.storm.starter.bolt.TotalRankingsBoltTest@e45f292]" name="shouldEmitNothingIfNormalTupleIsReceived" duration-ms="9" started-at="2017-02-08T12:48:52Z" finished-at="2017-02-08T12:48:52Z">
          <reporter-output>
          </reporter-output>
        </test-method> <!-- shouldEmitNothingIfNormalTupleIsReceived -->
        <test-method status="PASS" signature="shouldEmitSomethingIfTickTupleIsReceived()[pri:0, instance:org.apache.storm.starter.bolt.TotalRankingsBoltTest@e45f292]" name="shouldEmitSomethingIfTickTupleIsReceived" duration-ms="0" started-at="2017-02-08T12:48:52Z" finished-at="2017-02-08T12:48:52Z">
          <reporter-output>
          </reporter-output>
        </test-method> <!-- shouldEmitSomethingIfTickTupleIsReceived -->
        <test-method status="PASS" signature="shouldSetTickTupleFrequencyInComponentConfigurationToNonZeroValue()[pri:0, instance:org.apache.storm.starter.bolt.TotalRankingsBoltTest@e45f292]" name="shouldSetTickTupleFrequencyInComponentConfigurationToNonZeroValue" duration-ms="0" started-at="2017-02-08T12:48:52Z" finished-at="2017-02-08T12:48:52Z">
          <reporter-output>
          </reporter-output>
        </test-method> <!-- shouldSetTickTupleFrequencyInComponentConfigurationToNonZeroValue -->
      </class> <!-- org.apache.storm.starter.bolt.TotalRankingsBoltTest -->
      <class name="org.apache.storm.starter.tools.SlidingWindowCounterTest">
        <test-method status="PASS" signature="lessThanTwoSlotsShouldThrowIAE(int)[pri:0, instance:org.apache.storm.starter.tools.SlidingWindowCounterTest@5f2108b5]" name="lessThanTwoSlotsShouldThrowIAE" duration-ms="1" started-at="2017-02-08T12:48:52Z" data-provider="illegalWindowLengths" finished-at="2017-02-08T12:48:52Z">
          <params>
            <param index="0">
              <value>
                <![CDATA[-10]]>
              </value>
            </param>
          </params>
          <exception class="java.lang.IllegalArgumentException">
            <message>
              <![CDATA[Window length in slots must be at least two (you requested -10)]]>
            </message>
            <full-stacktrace>
              <![CDATA[java.lang.IllegalArgumentException: Window length in slots must be at least two (you requested -10)
	at org.apache.storm.starter.tools.SlidingWindowCounter.<init>(SlidingWindowCounter.java:79)
	at org.apache.storm.starter.tools.SlidingWindowCounterTest.lessThanTwoSlotsShouldThrowIAE(SlidingWindowCounterTest.java:39)
	at sun.reflect.NativeMethodAccessorImpl.invoke0(Native Method)
	at sun.reflect.NativeMethodAccessorImpl.invoke(NativeMethodAccessorImpl.java:62)
	at sun.reflect.DelegatingMethodAccessorImpl.invoke(DelegatingMethodAccessorImpl.java:43)
	at java.lang.reflect.Method.invoke(Method.java:498)
	at org.testng.internal.MethodInvocationHelper.invokeMethod(MethodInvocationHelper.java:84)
	at org.testng.internal.Invoker.invokeMethod(Invoker.java:714)
	at org.testng.internal.Invoker.invokeTestMethod(Invoker.java:901)
	at org.testng.internal.Invoker.invokeTestMethods(Invoker.java:1231)
	at org.testng.internal.TestMethodWorker.invokeTestMethods(TestMethodWorker.java:127)
	at org.testng.internal.TestMethodWorker.run(TestMethodWorker.java:111)
	at org.testng.TestRunner.privateRun(TestRunner.java:767)
	at org.testng.TestRunner.run(TestRunner.java:617)
	at org.testng.SuiteRunner.runTest(SuiteRunner.java:334)
	at org.testng.SuiteRunner.runSequentially(SuiteRunner.java:329)
	at org.testng.SuiteRunner.privateRun(SuiteRunner.java:291)
	at org.testng.SuiteRunner.run(SuiteRunner.java:240)
	at org.testng.SuiteRunnerWorker.runSuite(SuiteRunnerWorker.java:52)
	at org.testng.SuiteRunnerWorker.run(SuiteRunnerWorker.java:86)
	at org.testng.TestNG.runSuitesSequentially(TestNG.java:1224)
	at org.testng.TestNG.runSuitesLocally(TestNG.java:1149)
	at org.testng.TestNG.run(TestNG.java:1057)
	at org.apache.maven.surefire.testng.TestNGExecutor.run(TestNGExecutor.java:115)
	at org.apache.maven.surefire.testng.TestNGDirectoryTestSuite.executeMulti(TestNGDirectoryTestSuite.java:205)
	at org.apache.maven.surefire.testng.TestNGDirectoryTestSuite.execute(TestNGDirectoryTestSuite.java:108)
	at org.apache.maven.surefire.testng.TestNGProvider.invoke(TestNGProvider.java:111)
	at org.apache.maven.surefire.booter.ForkedBooter.invokeProviderInSameClassLoader(ForkedBooter.java:203)
	at org.apache.maven.surefire.booter.ForkedBooter.runSuitesInProcess(ForkedBooter.java:155)
	at org.apache.maven.surefire.booter.ForkedBooter.main(ForkedBooter.java:103)
]]>
            </full-stacktrace>
          </exception> <!-- java.lang.IllegalArgumentException -->
          <reporter-output>
          </reporter-output>
        </test-method> <!-- lessThanTwoSlotsShouldThrowIAE -->
        <test-method status="PASS" signature="lessThanTwoSlotsShouldThrowIAE(int)[pri:0, instance:org.apache.storm.starter.tools.SlidingWindowCounterTest@5f2108b5]" name="lessThanTwoSlotsShouldThrowIAE" duration-ms="0" started-at="2017-02-08T12:48:52Z" data-provider="illegalWindowLengths" finished-at="2017-02-08T12:48:52Z">
          <params>
            <param index="0">
              <value>
                <![CDATA[-1]]>
              </value>
            </param>
          </params>
          <exception class="java.lang.IllegalArgumentException">
            <message>
              <![CDATA[Window length in slots must be at least two (you requested -1)]]>
            </message>
            <full-stacktrace>
              <![CDATA[java.lang.IllegalArgumentException: Window length in slots must be at least two (you requested -1)
	at org.apache.storm.starter.tools.SlidingWindowCounter.<init>(SlidingWindowCounter.java:79)
	at org.apache.storm.starter.tools.SlidingWindowCounterTest.lessThanTwoSlotsShouldThrowIAE(SlidingWindowCounterTest.java:39)
	at sun.reflect.NativeMethodAccessorImpl.invoke0(Native Method)
	at sun.reflect.NativeMethodAccessorImpl.invoke(NativeMethodAccessorImpl.java:62)
	at sun.reflect.DelegatingMethodAccessorImpl.invoke(DelegatingMethodAccessorImpl.java:43)
	at java.lang.reflect.Method.invoke(Method.java:498)
	at org.testng.internal.MethodInvocationHelper.invokeMethod(MethodInvocationHelper.java:84)
	at org.testng.internal.Invoker.invokeMethod(Invoker.java:714)
	at org.testng.internal.Invoker.invokeTestMethod(Invoker.java:901)
	at org.testng.internal.Invoker.invokeTestMethods(Invoker.java:1231)
	at org.testng.internal.TestMethodWorker.invokeTestMethods(TestMethodWorker.java:127)
	at org.testng.internal.TestMethodWorker.run(TestMethodWorker.java:111)
	at org.testng.TestRunner.privateRun(TestRunner.java:767)
	at org.testng.TestRunner.run(TestRunner.java:617)
	at org.testng.SuiteRunner.runTest(SuiteRunner.java:334)
	at org.testng.SuiteRunner.runSequentially(SuiteRunner.java:329)
	at org.testng.SuiteRunner.privateRun(SuiteRunner.java:291)
	at org.testng.SuiteRunner.run(SuiteRunner.java:240)
	at org.testng.SuiteRunnerWorker.runSuite(SuiteRunnerWorker.java:52)
	at org.testng.SuiteRunnerWorker.run(SuiteRunnerWorker.java:86)
	at org.testng.TestNG.runSuitesSequentially(TestNG.java:1224)
	at org.testng.TestNG.runSuitesLocally(TestNG.java:1149)
	at org.testng.TestNG.run(TestNG.java:1057)
	at org.apache.maven.surefire.testng.TestNGExecutor.run(TestNGExecutor.java:115)
	at org.apache.maven.surefire.testng.TestNGDirectoryTestSuite.executeMulti(TestNGDirectoryTestSuite.java:205)
	at org.apache.maven.surefire.testng.TestNGDirectoryTestSuite.execute(TestNGDirectoryTestSuite.java:108)
	at org.apache.maven.surefire.testng.TestNGProvider.invoke(TestNGProvider.java:111)
	at org.apache.maven.surefire.booter.ForkedBooter.invokeProviderInSameClassLoader(ForkedBooter.java:203)
	at org.apache.maven.surefire.booter.ForkedBooter.runSuitesInProcess(ForkedBooter.java:155)
	at org.apache.maven.surefire.booter.ForkedBooter.main(ForkedBooter.java:103)
]]>
            </full-stacktrace>
          </exception> <!-- java.lang.IllegalArgumentException -->
          <reporter-output>
          </reporter-output>
        </test-method> <!-- lessThanTwoSlotsShouldThrowIAE -->
        <test-method status="PASS" signature="lessThanTwoSlotsShouldThrowIAE(int)[pri:0, instance:org.apache.storm.starter.tools.SlidingWindowCounterTest@5f2108b5]" name="lessThanTwoSlotsShouldThrowIAE" duration-ms="0" started-at="2017-02-08T12:48:52Z" data-provider="illegalWindowLengths" finished-at="2017-02-08T12:48:52Z">
          <params>
            <param index="0">
              <value>
                <![CDATA[-3]]>
              </value>
            </param>
          </params>
          <exception class="java.lang.IllegalArgumentException">
            <message>
              <![CDATA[Window length in slots must be at least two (you requested -3)]]>
            </message>
            <full-stacktrace>
              <![CDATA[java.lang.IllegalArgumentException: Window length in slots must be at least two (you requested -3)
	at org.apache.storm.starter.tools.SlidingWindowCounter.<init>(SlidingWindowCounter.java:79)
	at org.apache.storm.starter.tools.SlidingWindowCounterTest.lessThanTwoSlotsShouldThrowIAE(SlidingWindowCounterTest.java:39)
	at sun.reflect.NativeMethodAccessorImpl.invoke0(Native Method)
	at sun.reflect.NativeMethodAccessorImpl.invoke(NativeMethodAccessorImpl.java:62)
	at sun.reflect.DelegatingMethodAccessorImpl.invoke(DelegatingMethodAccessorImpl.java:43)
	at java.lang.reflect.Method.invoke(Method.java:498)
	at org.testng.internal.MethodInvocationHelper.invokeMethod(MethodInvocationHelper.java:84)
	at org.testng.internal.Invoker.invokeMethod(Invoker.java:714)
	at org.testng.internal.Invoker.invokeTestMethod(Invoker.java:901)
	at org.testng.internal.Invoker.invokeTestMethods(Invoker.java:1231)
	at org.testng.internal.TestMethodWorker.invokeTestMethods(TestMethodWorker.java:127)
	at org.testng.internal.TestMethodWorker.run(TestMethodWorker.java:111)
	at org.testng.TestRunner.privateRun(TestRunner.java:767)
	at org.testng.TestRunner.run(TestRunner.java:617)
	at org.testng.SuiteRunner.runTest(SuiteRunner.java:334)
	at org.testng.SuiteRunner.runSequentially(SuiteRunner.java:329)
	at org.testng.SuiteRunner.privateRun(SuiteRunner.java:291)
	at org.testng.SuiteRunner.run(SuiteRunner.java:240)
	at org.testng.SuiteRunnerWorker.runSuite(SuiteRunnerWorker.java:52)
	at org.testng.SuiteRunnerWorker.run(SuiteRunnerWorker.java:86)
	at org.testng.TestNG.runSuitesSequentially(TestNG.java:1224)
	at org.testng.TestNG.runSuitesLocally(TestNG.java:1149)
	at org.testng.TestNG.run(TestNG.java:1057)
	at org.apache.maven.surefire.testng.TestNGExecutor.run(TestNGExecutor.java:115)
	at org.apache.maven.surefire.testng.TestNGDirectoryTestSuite.executeMulti(TestNGDirectoryTestSuite.java:205)
	at org.apache.maven.surefire.testng.TestNGDirectoryTestSuite.execute(TestNGDirectoryTestSuite.java:108)
	at org.apache.maven.surefire.testng.TestNGProvider.invoke(TestNGProvider.java:111)
	at org.apache.maven.surefire.booter.ForkedBooter.invokeProviderInSameClassLoader(ForkedBooter.java:203)
	at org.apache.maven.surefire.booter.ForkedBooter.runSuitesInProcess(ForkedBooter.java:155)
	at org.apache.maven.surefire.booter.ForkedBooter.main(ForkedBooter.java:103)
]]>
            </full-stacktrace>
          </exception> <!-- java.lang.IllegalArgumentException -->
          <reporter-output>
          </reporter-output>
        </test-method> <!-- lessThanTwoSlotsShouldThrowIAE -->
        <test-method status="PASS" signature="lessThanTwoSlotsShouldThrowIAE(int)[pri:0, instance:org.apache.storm.starter.tools.SlidingWindowCounterTest@5f2108b5]" name="lessThanTwoSlotsShouldThrowIAE" duration-ms="0" started-at="2017-02-08T12:48:52Z" data-provider="illegalWindowLengths" finished-at="2017-02-08T12:48:52Z">
          <params>
            <param index="0">
              <value>
                <![CDATA[0]]>
              </value>
            </param>
          </params>
          <exception class="java.lang.IllegalArgumentException">
            <message>
              <![CDATA[Window length in slots must be at least two (you requested 0)]]>
            </message>
            <full-stacktrace>
              <![CDATA[java.lang.IllegalArgumentException: Window length in slots must be at least two (you requested 0)
	at org.apache.storm.starter.tools.SlidingWindowCounter.<init>(SlidingWindowCounter.java:79)
	at org.apache.storm.starter.tools.SlidingWindowCounterTest.lessThanTwoSlotsShouldThrowIAE(SlidingWindowCounterTest.java:39)
	at sun.reflect.NativeMethodAccessorImpl.invoke0(Native Method)
	at sun.reflect.NativeMethodAccessorImpl.invoke(NativeMethodAccessorImpl.java:62)
	at sun.reflect.DelegatingMethodAccessorImpl.invoke(DelegatingMethodAccessorImpl.java:43)
	at java.lang.reflect.Method.invoke(Method.java:498)
	at org.testng.internal.MethodInvocationHelper.invokeMethod(MethodInvocationHelper.java:84)
	at org.testng.internal.Invoker.invokeMethod(Invoker.java:714)
	at org.testng.internal.Invoker.invokeTestMethod(Invoker.java:901)
	at org.testng.internal.Invoker.invokeTestMethods(Invoker.java:1231)
	at org.testng.internal.TestMethodWorker.invokeTestMethods(TestMethodWorker.java:127)
	at org.testng.internal.TestMethodWorker.run(TestMethodWorker.java:111)
	at org.testng.TestRunner.privateRun(TestRunner.java:767)
	at org.testng.TestRunner.run(TestRunner.java:617)
	at org.testng.SuiteRunner.runTest(SuiteRunner.java:334)
	at org.testng.SuiteRunner.runSequentially(SuiteRunner.java:329)
	at org.testng.SuiteRunner.privateRun(SuiteRunner.java:291)
	at org.testng.SuiteRunner.run(SuiteRunner.java:240)
	at org.testng.SuiteRunnerWorker.runSuite(SuiteRunnerWorker.java:52)
	at org.testng.SuiteRunnerWorker.run(SuiteRunnerWorker.java:86)
	at org.testng.TestNG.runSuitesSequentially(TestNG.java:1224)
	at org.testng.TestNG.runSuitesLocally(TestNG.java:1149)
	at org.testng.TestNG.run(TestNG.java:1057)
	at org.apache.maven.surefire.testng.TestNGExecutor.run(TestNGExecutor.java:115)
	at org.apache.maven.surefire.testng.TestNGDirectoryTestSuite.executeMulti(TestNGDirectoryTestSuite.java:205)
	at org.apache.maven.surefire.testng.TestNGDirectoryTestSuite.execute(TestNGDirectoryTestSuite.java:108)
	at org.apache.maven.surefire.testng.TestNGProvider.invoke(TestNGProvider.java:111)
	at org.apache.maven.surefire.booter.ForkedBooter.invokeProviderInSameClassLoader(ForkedBooter.java:203)
	at org.apache.maven.surefire.booter.ForkedBooter.runSuitesInProcess(ForkedBooter.java:155)
	at org.apache.maven.surefire.booter.ForkedBooter.main(ForkedBooter.java:103)
]]>
            </full-stacktrace>
          </exception> <!-- java.lang.IllegalArgumentException -->
          <reporter-output>
          </reporter-output>
        </test-method> <!-- lessThanTwoSlotsShouldThrowIAE -->
        <test-method status="PASS" signature="lessThanTwoSlotsShouldThrowIAE(int)[pri:0, instance:org.apache.storm.starter.tools.SlidingWindowCounterTest@5f2108b5]" name="lessThanTwoSlotsShouldThrowIAE" duration-ms="0" started-at="2017-02-08T12:48:52Z" data-provider="illegalWindowLengths" finished-at="2017-02-08T12:48:52Z">
          <params>
            <param index="0">
              <value>
                <![CDATA[-2]]>
              </value>
            </param>
          </params>
          <exception class="java.lang.IllegalArgumentException">
            <message>
              <![CDATA[Window length in slots must be at least two (you requested -2)]]>
            </message>
            <full-stacktrace>
              <![CDATA[java.lang.IllegalArgumentException: Window length in slots must be at least two (you requested -2)
	at org.apache.storm.starter.tools.SlidingWindowCounter.<init>(SlidingWindowCounter.java:79)
	at org.apache.storm.starter.tools.SlidingWindowCounterTest.lessThanTwoSlotsShouldThrowIAE(SlidingWindowCounterTest.java:39)
	at sun.reflect.NativeMethodAccessorImpl.invoke0(Native Method)
	at sun.reflect.NativeMethodAccessorImpl.invoke(NativeMethodAccessorImpl.java:62)
	at sun.reflect.DelegatingMethodAccessorImpl.invoke(DelegatingMethodAccessorImpl.java:43)
	at java.lang.reflect.Method.invoke(Method.java:498)
	at org.testng.internal.MethodInvocationHelper.invokeMethod(MethodInvocationHelper.java:84)
	at org.testng.internal.Invoker.invokeMethod(Invoker.java:714)
	at org.testng.internal.Invoker.invokeTestMethod(Invoker.java:901)
	at org.testng.internal.Invoker.invokeTestMethods(Invoker.java:1231)
	at org.testng.internal.TestMethodWorker.invokeTestMethods(TestMethodWorker.java:127)
	at org.testng.internal.TestMethodWorker.run(TestMethodWorker.java:111)
	at org.testng.TestRunner.privateRun(TestRunner.java:767)
	at org.testng.TestRunner.run(TestRunner.java:617)
	at org.testng.SuiteRunner.runTest(SuiteRunner.java:334)
	at org.testng.SuiteRunner.runSequentially(SuiteRunner.java:329)
	at org.testng.SuiteRunner.privateRun(SuiteRunner.java:291)
	at org.testng.SuiteRunner.run(SuiteRunner.java:240)
	at org.testng.SuiteRunnerWorker.runSuite(SuiteRunnerWorker.java:52)
	at org.testng.SuiteRunnerWorker.run(SuiteRunnerWorker.java:86)
	at org.testng.TestNG.runSuitesSequentially(TestNG.java:1224)
	at org.testng.TestNG.runSuitesLocally(TestNG.java:1149)
	at org.testng.TestNG.run(TestNG.java:1057)
	at org.apache.maven.surefire.testng.TestNGExecutor.run(TestNGExecutor.java:115)
	at org.apache.maven.surefire.testng.TestNGDirectoryTestSuite.executeMulti(TestNGDirectoryTestSuite.java:205)
	at org.apache.maven.surefire.testng.TestNGDirectoryTestSuite.execute(TestNGDirectoryTestSuite.java:108)
	at org.apache.maven.surefire.testng.TestNGProvider.invoke(TestNGProvider.java:111)
	at org.apache.maven.surefire.booter.ForkedBooter.invokeProviderInSameClassLoader(ForkedBooter.java:203)
	at org.apache.maven.surefire.booter.ForkedBooter.runSuitesInProcess(ForkedBooter.java:155)
	at org.apache.maven.surefire.booter.ForkedBooter.main(ForkedBooter.java:103)
]]>
            </full-stacktrace>
          </exception> <!-- java.lang.IllegalArgumentException -->
          <reporter-output>
          </reporter-output>
        </test-method> <!-- lessThanTwoSlotsShouldThrowIAE -->
        <test-method status="PASS" signature="newInstanceShouldHaveEmptyCounts()[pri:0, instance:org.apache.storm.starter.tools.SlidingWindowCounterTest@5f2108b5]" name="newInstanceShouldHaveEmptyCounts" duration-ms="1" started-at="2017-02-08T12:48:52Z" finished-at="2017-02-08T12:48:52Z">
          <reporter-output>
          </reporter-output>
        </test-method> <!-- newInstanceShouldHaveEmptyCounts -->
        <test-method status="PASS" signature="lessThanTwoSlotsShouldThrowIAE(int)[pri:0, instance:org.apache.storm.starter.tools.SlidingWindowCounterTest@5f2108b5]" name="lessThanTwoSlotsShouldThrowIAE" duration-ms="0" started-at="2017-02-08T12:48:52Z" data-provider="illegalWindowLengths" finished-at="2017-02-08T12:48:52Z">
          <params>
            <param index="0">
              <value>
                <![CDATA[1]]>
              </value>
            </param>
          </params>
          <exception class="java.lang.IllegalArgumentException">
            <message>
              <![CDATA[Window length in slots must be at least two (you requested 1)]]>
            </message>
            <full-stacktrace>
              <![CDATA[java.lang.IllegalArgumentException: Window length in slots must be at least two (you requested 1)
	at org.apache.storm.starter.tools.SlidingWindowCounter.<init>(SlidingWindowCounter.java:79)
	at org.apache.storm.starter.tools.SlidingWindowCounterTest.lessThanTwoSlotsShouldThrowIAE(SlidingWindowCounterTest.java:39)
	at sun.reflect.NativeMethodAccessorImpl.invoke0(Native Method)
	at sun.reflect.NativeMethodAccessorImpl.invoke(NativeMethodAccessorImpl.java:62)
	at sun.reflect.DelegatingMethodAccessorImpl.invoke(DelegatingMethodAccessorImpl.java:43)
	at java.lang.reflect.Method.invoke(Method.java:498)
	at org.testng.internal.MethodInvocationHelper.invokeMethod(MethodInvocationHelper.java:84)
	at org.testng.internal.Invoker.invokeMethod(Invoker.java:714)
	at org.testng.internal.Invoker.invokeTestMethod(Invoker.java:901)
	at org.testng.internal.Invoker.invokeTestMethods(Invoker.java:1231)
	at org.testng.internal.TestMethodWorker.invokeTestMethods(TestMethodWorker.java:127)
	at org.testng.internal.TestMethodWorker.run(TestMethodWorker.java:111)
	at org.testng.TestRunner.privateRun(TestRunner.java:767)
	at org.testng.TestRunner.run(TestRunner.java:617)
	at org.testng.SuiteRunner.runTest(SuiteRunner.java:334)
	at org.testng.SuiteRunner.runSequentially(SuiteRunner.java:329)
	at org.testng.SuiteRunner.privateRun(SuiteRunner.java:291)
	at org.testng.SuiteRunner.run(SuiteRunner.java:240)
	at org.testng.SuiteRunnerWorker.runSuite(SuiteRunnerWorker.java:52)
	at org.testng.SuiteRunnerWorker.run(SuiteRunnerWorker.java:86)
	at org.testng.TestNG.runSuitesSequentially(TestNG.java:1224)
	at org.testng.TestNG.runSuitesLocally(TestNG.java:1149)
	at org.testng.TestNG.run(TestNG.java:1057)
	at org.apache.maven.surefire.testng.TestNGExecutor.run(TestNGExecutor.java:115)
	at org.apache.maven.surefire.testng.TestNGDirectoryTestSuite.executeMulti(TestNGDirectoryTestSuite.java:205)
	at org.apache.maven.surefire.testng.TestNGDirectoryTestSuite.execute(TestNGDirectoryTestSuite.java:108)
	at org.apache.maven.surefire.testng.TestNGProvider.invoke(TestNGProvider.java:111)
	at org.apache.maven.surefire.booter.ForkedBooter.invokeProviderInSameClassLoader(ForkedBooter.java:203)
	at org.apache.maven.surefire.booter.ForkedBooter.runSuitesInProcess(ForkedBooter.java:155)
	at org.apache.maven.surefire.booter.ForkedBooter.main(ForkedBooter.java:103)
]]>
            </full-stacktrace>
          </exception> <!-- java.lang.IllegalArgumentException -->
          <reporter-output>
          </reporter-output>
        </test-method> <!-- lessThanTwoSlotsShouldThrowIAE -->
        <test-method status="PASS" signature="testCounterWithSimulatedRuns(int, [I, [J)[pri:0, instance:org.apache.storm.starter.tools.SlidingWindowCounterTest@5f2108b5]" name="testCounterWithSimulatedRuns" duration-ms="1" started-at="2017-02-08T12:48:52Z" data-provider="simulatedCounterIterations" finished-at="2017-02-08T12:48:52Z">
          <params>
            <param index="0">
              <value>
                <![CDATA[2]]>
              </value>
            </param>
            <param index="1">
              <value>
                <![CDATA[[I@7905a0b8]]>
              </value>
            </param>
            <param index="2">
              <value>
                <![CDATA[[J@35a3d49f]]>
              </value>
            </param>
          </params>
          <reporter-output>
          </reporter-output>
        </test-method> <!-- testCounterWithSimulatedRuns -->
        <test-method status="PASS" signature="testCounterWithSimulatedRuns(int, [I, [J)[pri:0, instance:org.apache.storm.starter.tools.SlidingWindowCounterTest@5f2108b5]" name="testCounterWithSimulatedRuns" duration-ms="0" started-at="2017-02-08T12:48:52Z" data-provider="simulatedCounterIterations" finished-at="2017-02-08T12:48:52Z">
          <params>
            <param index="0">
              <value>
                <![CDATA[4]]>
              </value>
            </param>
            <param index="1">
              <value>
                <![CDATA[[I@478db956]]>
              </value>
            </param>
            <param index="2">
              <value>
                <![CDATA[[J@6ca18a14]]>
              </value>
            </param>
          </params>
          <reporter-output>
          </reporter-output>
        </test-method> <!-- testCounterWithSimulatedRuns -->
        <test-method status="PASS" signature="testCounterWithSimulatedRuns(int, [I, [J)[pri:0, instance:org.apache.storm.starter.tools.SlidingWindowCounterTest@5f2108b5]" name="testCounterWithSimulatedRuns" duration-ms="0" started-at="2017-02-08T12:48:52Z" data-provider="simulatedCounterIterations" finished-at="2017-02-08T12:48:52Z">
          <params>
            <param index="0">
              <value>
                <![CDATA[3]]>
              </value>
            </param>
            <param index="1">
              <value>
                <![CDATA[[I@389b0789]]>
              </value>
            </param>
            <param index="2">
              <value>
                <![CDATA[[J@13d9cbf5]]>
              </value>
            </param>
          </params>
          <reporter-output>
          </reporter-output>
        </test-method> <!-- testCounterWithSimulatedRuns -->
        <test-method status="PASS" signature="testCounterWithSimulatedRuns(int, [I, [J)[pri:0, instance:org.apache.storm.starter.tools.SlidingWindowCounterTest@5f2108b5]" name="testCounterWithSimulatedRuns" duration-ms="1" started-at="2017-02-08T12:48:52Z" data-provider="simulatedCounterIterations" finished-at="2017-02-08T12:48:52Z">
          <params>
            <param index="0">
              <value>
                <![CDATA[5]]>
              </value>
            </param>
            <param index="1">
              <value>
                <![CDATA[[I@c667f46]]>
              </value>
            </param>
            <param index="2">
              <value>
                <![CDATA[[J@51bd8b5c]]>
              </value>
            </param>
          </params>
          <reporter-output>
          </reporter-output>
        </test-method> <!-- testCounterWithSimulatedRuns -->
        <test-method status="PASS" signature="testCounterWithSimulatedRuns(int, [I, [J)[pri:0, instance:org.apache.storm.starter.tools.SlidingWindowCounterTest@5f2108b5]" name="testCounterWithSimulatedRuns" duration-ms="1" started-at="2017-02-08T12:48:52Z" data-provider="simulatedCounterIterations" finished-at="2017-02-08T12:48:52Z">
          <params>
            <param index="0">
              <value>
                <![CDATA[5]]>
              </value>
            </param>
            <param index="1">
              <value>
                <![CDATA[[I@7b50df34]]>
              </value>
            </param>
            <param index="2">
              <value>
                <![CDATA[[J@1b410b60]]>
              </value>
            </param>
          </params>
          <reporter-output>
          </reporter-output>
        </test-method> <!-- testCounterWithSimulatedRuns -->
        <test-method status="PASS" signature="twoOrMoreSlotsShouldBeValid(int)[pri:0, instance:org.apache.storm.starter.tools.SlidingWindowCounterTest@5f2108b5]" name="twoOrMoreSlotsShouldBeValid" duration-ms="0" started-at="2017-02-08T12:48:52Z" data-provider="legalWindowLengths" finished-at="2017-02-08T12:48:52Z">
          <params>
            <param index="0">
              <value>
                <![CDATA[3]]>
              </value>
            </param>
          </params>
          <reporter-output>
          </reporter-output>
        </test-method> <!-- twoOrMoreSlotsShouldBeValid -->
        <test-method status="PASS" signature="twoOrMoreSlotsShouldBeValid(int)[pri:0, instance:org.apache.storm.starter.tools.SlidingWindowCounterTest@5f2108b5]" name="twoOrMoreSlotsShouldBeValid" duration-ms="0" started-at="2017-02-08T12:48:52Z" data-provider="legalWindowLengths" finished-at="2017-02-08T12:48:52Z">
          <params>
            <param index="0">
              <value>
                <![CDATA[2]]>
              </value>
            </param>
          </params>
          <reporter-output>
          </reporter-output>
        </test-method> <!-- twoOrMoreSlotsShouldBeValid -->
        <test-method status="PASS" signature="twoOrMoreSlotsShouldBeValid(int)[pri:0, instance:org.apache.storm.starter.tools.SlidingWindowCounterTest@5f2108b5]" name="twoOrMoreSlotsShouldBeValid" duration-ms="0" started-at="2017-02-08T12:48:52Z" data-provider="legalWindowLengths" finished-at="2017-02-08T12:48:52Z">
          <params>
            <param index="0">
              <value>
                <![CDATA[20]]>
              </value>
            </param>
          </params>
          <reporter-output>
          </reporter-output>
        </test-method> <!-- twoOrMoreSlotsShouldBeValid -->
      </class> <!-- org.apache.storm.starter.tools.SlidingWindowCounterTest -->
      <class name="org.apache.storm.starter.tools.RankableObjectWithFieldsTest">
        <test-method status="PASS" signature="constructorWithNegativeCountAndFieldsShouldThrowIAE()[pri:0, instance:org.apache.storm.starter.tools.RankableObjectWithFieldsTest@402a079c]" name="constructorWithNegativeCountAndFieldsShouldThrowIAE" duration-ms="0" started-at="2017-02-08T12:48:52Z" finished-at="2017-02-08T12:48:52Z">
          <exception class="java.lang.IllegalArgumentException">
            <message>
              <![CDATA[The count must be >= 0]]>
            </message>
            <full-stacktrace>
              <![CDATA[java.lang.IllegalArgumentException: The count must be >= 0
	at org.apache.storm.starter.tools.RankableObjectWithFields.<init>(RankableObjectWithFields.java:46)
	at org.apache.storm.starter.tools.RankableObjectWithFieldsTest.constructorWithNegativeCountAndFieldsShouldThrowIAE(RankableObjectWithFieldsTest.java:61)
	at sun.reflect.NativeMethodAccessorImpl.invoke0(Native Method)
	at sun.reflect.NativeMethodAccessorImpl.invoke(NativeMethodAccessorImpl.java:62)
	at sun.reflect.DelegatingMethodAccessorImpl.invoke(DelegatingMethodAccessorImpl.java:43)
	at java.lang.reflect.Method.invoke(Method.java:498)
	at org.testng.internal.MethodInvocationHelper.invokeMethod(MethodInvocationHelper.java:84)
	at org.testng.internal.Invoker.invokeMethod(Invoker.java:714)
	at org.testng.internal.Invoker.invokeTestMethod(Invoker.java:901)
	at org.testng.internal.Invoker.invokeTestMethods(Invoker.java:1231)
	at org.testng.internal.TestMethodWorker.invokeTestMethods(TestMethodWorker.java:127)
	at org.testng.internal.TestMethodWorker.run(TestMethodWorker.java:111)
	at org.testng.TestRunner.privateRun(TestRunner.java:767)
	at org.testng.TestRunner.run(TestRunner.java:617)
	at org.testng.SuiteRunner.runTest(SuiteRunner.java:334)
	at org.testng.SuiteRunner.runSequentially(SuiteRunner.java:329)
	at org.testng.SuiteRunner.privateRun(SuiteRunner.java:291)
	at org.testng.SuiteRunner.run(SuiteRunner.java:240)
	at org.testng.SuiteRunnerWorker.runSuite(SuiteRunnerWorker.java:52)
	at org.testng.SuiteRunnerWorker.run(SuiteRunnerWorker.java:86)
	at org.testng.TestNG.runSuitesSequentially(TestNG.java:1224)
	at org.testng.TestNG.runSuitesLocally(TestNG.java:1149)
	at org.testng.TestNG.run(TestNG.java:1057)
	at org.apache.maven.surefire.testng.TestNGExecutor.run(TestNGExecutor.java:115)
	at org.apache.maven.surefire.testng.TestNGDirectoryTestSuite.executeMulti(TestNGDirectoryTestSuite.java:205)
	at org.apache.maven.surefire.testng.TestNGDirectoryTestSuite.execute(TestNGDirectoryTestSuite.java:108)
	at org.apache.maven.surefire.testng.TestNGProvider.invoke(TestNGProvider.java:111)
	at org.apache.maven.surefire.booter.ForkedBooter.invokeProviderInSameClassLoader(ForkedBooter.java:203)
	at org.apache.maven.surefire.booter.ForkedBooter.runSuitesInProcess(ForkedBooter.java:155)
	at org.apache.maven.surefire.booter.ForkedBooter.main(ForkedBooter.java:103)
]]>
            </full-stacktrace>
          </exception> <!-- java.lang.IllegalArgumentException -->
          <reporter-output>
          </reporter-output>
        </test-method> <!-- constructorWithNegativeCountAndFieldsShouldThrowIAE -->
        <test-method status="PASS" signature="constructorWithNegativeCountAndNoFieldsShouldThrowIAE()[pri:0, instance:org.apache.storm.starter.tools.RankableObjectWithFieldsTest@402a079c]" name="constructorWithNegativeCountAndNoFieldsShouldThrowIAE" duration-ms="0" started-at="2017-02-08T12:48:52Z" finished-at="2017-02-08T12:48:52Z">
          <exception class="java.lang.IllegalArgumentException">
            <message>
              <![CDATA[The count must be >= 0]]>
            </message>
            <full-stacktrace>
              <![CDATA[java.lang.IllegalArgumentException: The count must be >= 0
	at org.apache.storm.starter.tools.RankableObjectWithFields.<init>(RankableObjectWithFields.java:46)
	at org.apache.storm.starter.tools.RankableObjectWithFieldsTest.constructorWithNegativeCountAndNoFieldsShouldThrowIAE(RankableObjectWithFieldsTest.java:55)
	at sun.reflect.NativeMethodAccessorImpl.invoke0(Native Method)
	at sun.reflect.NativeMethodAccessorImpl.invoke(NativeMethodAccessorImpl.java:62)
	at sun.reflect.DelegatingMethodAccessorImpl.invoke(DelegatingMethodAccessorImpl.java:43)
	at java.lang.reflect.Method.invoke(Method.java:498)
	at org.testng.internal.MethodInvocationHelper.invokeMethod(MethodInvocationHelper.java:84)
	at org.testng.internal.Invoker.invokeMethod(Invoker.java:714)
	at org.testng.internal.Invoker.invokeTestMethod(Invoker.java:901)
	at org.testng.internal.Invoker.invokeTestMethods(Invoker.java:1231)
	at org.testng.internal.TestMethodWorker.invokeTestMethods(TestMethodWorker.java:127)
	at org.testng.internal.TestMethodWorker.run(TestMethodWorker.java:111)
	at org.testng.TestRunner.privateRun(TestRunner.java:767)
	at org.testng.TestRunner.run(TestRunner.java:617)
	at org.testng.SuiteRunner.runTest(SuiteRunner.java:334)
	at org.testng.SuiteRunner.runSequentially(SuiteRunner.java:329)
	at org.testng.SuiteRunner.privateRun(SuiteRunner.java:291)
	at org.testng.SuiteRunner.run(SuiteRunner.java:240)
	at org.testng.SuiteRunnerWorker.runSuite(SuiteRunnerWorker.java:52)
	at org.testng.SuiteRunnerWorker.run(SuiteRunnerWorker.java:86)
	at org.testng.TestNG.runSuitesSequentially(TestNG.java:1224)
	at org.testng.TestNG.runSuitesLocally(TestNG.java:1149)
	at org.testng.TestNG.run(TestNG.java:1057)
	at org.apache.maven.surefire.testng.TestNGExecutor.run(TestNGExecutor.java:115)
	at org.apache.maven.surefire.testng.TestNGDirectoryTestSuite.executeMulti(TestNGDirectoryTestSuite.java:205)
	at org.apache.maven.surefire.testng.TestNGDirectoryTestSuite.execute(TestNGDirectoryTestSuite.java:108)
	at org.apache.maven.surefire.testng.TestNGProvider.invoke(TestNGProvider.java:111)
	at org.apache.maven.surefire.booter.ForkedBooter.invokeProviderInSameClassLoader(ForkedBooter.java:203)
	at org.apache.maven.surefire.booter.ForkedBooter.runSuitesInProcess(ForkedBooter.java:155)
	at org.apache.maven.surefire.booter.ForkedBooter.main(ForkedBooter.java:103)
]]>
            </full-stacktrace>
          </exception> <!-- java.lang.IllegalArgumentException -->
          <reporter-output>
          </reporter-output>
        </test-method> <!-- constructorWithNegativeCountAndNoFieldsShouldThrowIAE -->
        <test-method status="PASS" signature="constructorWithNullObjectAndFieldsShouldThrowIAE()[pri:0, instance:org.apache.storm.starter.tools.RankableObjectWithFieldsTest@402a079c]" name="constructorWithNullObjectAndFieldsShouldThrowIAE" duration-ms="0" started-at="2017-02-08T12:48:52Z" finished-at="2017-02-08T12:48:52Z">
          <exception class="java.lang.IllegalArgumentException">
            <message>
              <![CDATA[The object must not be null]]>
            </message>
            <full-stacktrace>
              <![CDATA[java.lang.IllegalArgumentException: The object must not be null
	at org.apache.storm.starter.tools.RankableObjectWithFields.<init>(RankableObjectWithFields.java:43)
	at org.apache.storm.starter.tools.RankableObjectWithFieldsTest.constructorWithNullObjectAndFieldsShouldThrowIAE(RankableObjectWithFieldsTest.java:50)
	at sun.reflect.NativeMethodAccessorImpl.invoke0(Native Method)
	at sun.reflect.NativeMethodAccessorImpl.invoke(NativeMethodAccessorImpl.java:62)
	at sun.reflect.DelegatingMethodAccessorImpl.invoke(DelegatingMethodAccessorImpl.java:43)
	at java.lang.reflect.Method.invoke(Method.java:498)
	at org.testng.internal.MethodInvocationHelper.invokeMethod(MethodInvocationHelper.java:84)
	at org.testng.internal.Invoker.invokeMethod(Invoker.java:714)
	at org.testng.internal.Invoker.invokeTestMethod(Invoker.java:901)
	at org.testng.internal.Invoker.invokeTestMethods(Invoker.java:1231)
	at org.testng.internal.TestMethodWorker.invokeTestMethods(TestMethodWorker.java:127)
	at org.testng.internal.TestMethodWorker.run(TestMethodWorker.java:111)
	at org.testng.TestRunner.privateRun(TestRunner.java:767)
	at org.testng.TestRunner.run(TestRunner.java:617)
	at org.testng.SuiteRunner.runTest(SuiteRunner.java:334)
	at org.testng.SuiteRunner.runSequentially(SuiteRunner.java:329)
	at org.testng.SuiteRunner.privateRun(SuiteRunner.java:291)
	at org.testng.SuiteRunner.run(SuiteRunner.java:240)
	at org.testng.SuiteRunnerWorker.runSuite(SuiteRunnerWorker.java:52)
	at org.testng.SuiteRunnerWorker.run(SuiteRunnerWorker.java:86)
	at org.testng.TestNG.runSuitesSequentially(TestNG.java:1224)
	at org.testng.TestNG.runSuitesLocally(TestNG.java:1149)
	at org.testng.TestNG.run(TestNG.java:1057)
	at org.apache.maven.surefire.testng.TestNGExecutor.run(TestNGExecutor.java:115)
	at org.apache.maven.surefire.testng.TestNGDirectoryTestSuite.executeMulti(TestNGDirectoryTestSuite.java:205)
	at org.apache.maven.surefire.testng.TestNGDirectoryTestSuite.execute(TestNGDirectoryTestSuite.java:108)
	at org.apache.maven.surefire.testng.TestNGProvider.invoke(TestNGProvider.java:111)
	at org.apache.maven.surefire.booter.ForkedBooter.invokeProviderInSameClassLoader(ForkedBooter.java:203)
	at org.apache.maven.surefire.booter.ForkedBooter.runSuitesInProcess(ForkedBooter.java:155)
	at org.apache.maven.surefire.booter.ForkedBooter.main(ForkedBooter.java:103)
]]>
            </full-stacktrace>
          </exception> <!-- java.lang.IllegalArgumentException -->
          <reporter-output>
          </reporter-output>
        </test-method> <!-- constructorWithNullObjectAndFieldsShouldThrowIAE -->
        <test-method status="PASS" signature="constructorWithNullObjectAndNoFieldsShouldThrowIAE()[pri:0, instance:org.apache.storm.starter.tools.RankableObjectWithFieldsTest@402a079c]" name="constructorWithNullObjectAndNoFieldsShouldThrowIAE" duration-ms="0" started-at="2017-02-08T12:48:52Z" finished-at="2017-02-08T12:48:52Z">
          <exception class="java.lang.IllegalArgumentException">
            <message>
              <![CDATA[The object must not be null]]>
            </message>
            <full-stacktrace>
              <![CDATA[java.lang.IllegalArgumentException: The object must not be null
	at org.apache.storm.starter.tools.RankableObjectWithFields.<init>(RankableObjectWithFields.java:43)
	at org.apache.storm.starter.tools.RankableObjectWithFieldsTest.constructorWithNullObjectAndNoFieldsShouldThrowIAE(RankableObjectWithFieldsTest.java:44)
	at sun.reflect.NativeMethodAccessorImpl.invoke0(Native Method)
	at sun.reflect.NativeMethodAccessorImpl.invoke(NativeMethodAccessorImpl.java:62)
	at sun.reflect.DelegatingMethodAccessorImpl.invoke(DelegatingMethodAccessorImpl.java:43)
	at java.lang.reflect.Method.invoke(Method.java:498)
	at org.testng.internal.MethodInvocationHelper.invokeMethod(MethodInvocationHelper.java:84)
	at org.testng.internal.Invoker.invokeMethod(Invoker.java:714)
	at org.testng.internal.Invoker.invokeTestMethod(Invoker.java:901)
	at org.testng.internal.Invoker.invokeTestMethods(Invoker.java:1231)
	at org.testng.internal.TestMethodWorker.invokeTestMethods(TestMethodWorker.java:127)
	at org.testng.internal.TestMethodWorker.run(TestMethodWorker.java:111)
	at org.testng.TestRunner.privateRun(TestRunner.java:767)
	at org.testng.TestRunner.run(TestRunner.java:617)
	at org.testng.SuiteRunner.runTest(SuiteRunner.java:334)
	at org.testng.SuiteRunner.runSequentially(SuiteRunner.java:329)
	at org.testng.SuiteRunner.privateRun(SuiteRunner.java:291)
	at org.testng.SuiteRunner.run(SuiteRunner.java:240)
	at org.testng.SuiteRunnerWorker.runSuite(SuiteRunnerWorker.java:52)
	at org.testng.SuiteRunnerWorker.run(SuiteRunnerWorker.java:86)
	at org.testng.TestNG.runSuitesSequentially(TestNG.java:1224)
	at org.testng.TestNG.runSuitesLocally(TestNG.java:1149)
	at org.testng.TestNG.run(TestNG.java:1057)
	at org.apache.maven.surefire.testng.TestNGExecutor.run(TestNGExecutor.java:115)
	at org.apache.maven.surefire.testng.TestNGDirectoryTestSuite.executeMulti(TestNGDirectoryTestSuite.java:205)
[...]
            <param index="0">
              <value>
                <![CDATA[[[A|1]]]]>
              </value>
            </param>
            <param index="1">
              <value>
                <![CDATA[[[A|1]]]]>
              </value>
            </param>
            <param index="2">
              <value>
                <![CDATA[[[A|1]]]]>
              </value>
            </param>
          </params>
          <reporter-output>
          </reporter-output>
        </test-method> <!-- shouldCorrectlyRankWhenNotEmptyAndUpdatedWithOtherRankings -->
        <test-method status="PASS" signature="shouldCorrectlyRankWhenNotEmptyAndUpdatedWithOtherRankings(java.util.List, java.util.List, java.util.List)[pri:0, instance:org.apache.storm.starter.tools.RankingsTest@598067a5]" name="shouldCorrectlyRankWhenNotEmptyAndUpdatedWithOtherRankings" duration-ms="0" started-at="2017-02-08T12:48:52Z" data-provider="simulatedRankingsAndOtherRankingsData" finished-at="2017-02-08T12:48:52Z">
          <params>
            <param index="0">
              <value>
                <![CDATA[[[A|1], [C|3]]]]>
              </value>
            </param>
            <param index="1">
              <value>
                <![CDATA[[[B|2], [D|4]]]]>
              </value>
            </param>
            <param index="2">
              <value>
                <![CDATA[[[D|4], [C|3], [B|2], [A|1]]]]>
              </value>
            </param>
          </params>
          <reporter-output>
          </reporter-output>
        </test-method> <!-- shouldCorrectlyRankWhenNotEmptyAndUpdatedWithOtherRankings -->
        <test-method status="PASS" signature="shouldCorrectlyRankWhenNotEmptyAndUpdatedWithOtherRankings(java.util.List, java.util.List, java.util.List)[pri:0, instance:org.apache.storm.starter.tools.RankingsTest@598067a5]" name="shouldCorrectlyRankWhenNotEmptyAndUpdatedWithOtherRankings" duration-ms="1" started-at="2017-02-08T12:48:52Z" data-provider="simulatedRankingsAndOtherRankingsData" finished-at="2017-02-08T12:48:52Z">
          <params>
            <param index="0">
              <value>
                <![CDATA[[[G|7], [B|2], [F|6], [A|1], [C|3]]]]>
              </value>
            </param>
            <param index="1">
              <value>
                <![CDATA[[[D|4], [E|5], [H|8]]]]>
              </value>
            </param>
            <param index="2">
              <value>
                <![CDATA[[[H|8], [G|7], [F|6], [E|5], [D|4], [C|3], [B|2], [A|1]]]]>
              </value>
            </param>
          </params>
          <reporter-output>
          </reporter-output>
        </test-method> <!-- shouldCorrectlyRankWhenNotEmptyAndUpdatedWithOtherRankings -->
        <test-method status="PASS" signature="shouldCorrectlyRankWhenNotEmptyAndUpdatedWithOtherRankings(java.util.List, java.util.List, java.util.List)[pri:0, instance:org.apache.storm.starter.tools.RankingsTest@598067a5]" name="shouldCorrectlyRankWhenNotEmptyAndUpdatedWithOtherRankings" duration-ms="0" started-at="2017-02-08T12:48:52Z" data-provider="simulatedRankingsAndOtherRankingsData" finished-at="2017-02-08T12:48:52Z">
          <params>
            <param index="0">
              <value>
                <![CDATA[[[B|2], [F|6], [A|1]]]]>
              </value>
            </param>
            <param index="1">
              <value>
                <![CDATA[[[C|3], [D|4], [E|5]]]]>
              </value>
            </param>
            <param index="2">
              <value>
                <![CDATA[[[F|6], [E|5], [D|4], [C|3], [B|2], [A|1]]]]>
              </value>
            </param>
          </params>
          <reporter-output>
          </reporter-output>
        </test-method> <!-- shouldCorrectlyRankWhenNotEmptyAndUpdatedWithOtherRankings -->
        <test-method status="PASS" signature="shouldCorrectlyRankWhenUpdatedWithEmptyOtherRankings(java.util.List, java.util.List)[pri:0, instance:org.apache.storm.starter.tools.RankingsTest@598067a5]" name="shouldCorrectlyRankWhenUpdatedWithEmptyOtherRankings" duration-ms="0" started-at="2017-02-08T12:48:52Z" data-provider="simulatedRankingsData" finished-at="2017-02-08T12:48:52Z">
          <params>
            <param index="0">
              <value>
                <![CDATA[[[A|1]]]]>
              </value>
            </param>
            <param index="1">
              <value>
                <![CDATA[[[A|1]]]]>
              </value>
            </param>
          </params>
          <reporter-output>
          </reporter-output>
        </test-method> <!-- shouldCorrectlyRankWhenUpdatedWithEmptyOtherRankings -->
        <test-method status="PASS" signature="shouldCorrectlyRankWhenUpdatedWithEmptyOtherRankings(java.util.List, java.util.List)[pri:0, instance:org.apache.storm.starter.tools.RankingsTest@598067a5]" name="shouldCorrectlyRankWhenUpdatedWithEmptyOtherRankings" duration-ms="1" started-at="2017-02-08T12:48:52Z" data-provider="simulatedRankingsData" finished-at="2017-02-08T12:48:52Z">
          <params>
            <param index="0">
              <value>
                <![CDATA[[[G|7], [B|2], [F|6], [A|1], [C|3], [D|4], [E|5], [H|8]]]]>
              </value>
            </param>
            <param index="1">
              <value>
                <![CDATA[[[H|8], [G|7], [F|6], [E|5], [D|4], [C|3], [B|2], [A|1]]]]>
              </value>
            </param>
          </params>
          <reporter-output>
          </reporter-output>
        </test-method> <!-- shouldCorrectlyRankWhenUpdatedWithEmptyOtherRankings -->
        <test-method status="PASS" signature="shouldCorrectlyRankWhenUpdatedWithEmptyOtherRankings(java.util.List, java.util.List)[pri:0, instance:org.apache.storm.starter.tools.RankingsTest@598067a5]" name="shouldCorrectlyRankWhenUpdatedWithEmptyOtherRankings" duration-ms="0" started-at="2017-02-08T12:48:52Z" data-provider="simulatedRankingsData" finished-at="2017-02-08T12:48:52Z">
          <params>
            <param index="0">
              <value>
                <![CDATA[[[B|2], [D|4], [A|1], [C|3]]]]>
              </value>
            </param>
            <param index="1">
              <value>
                <![CDATA[[[D|4], [C|3], [B|2], [A|1]]]]>
              </value>
            </param>
          </params>
          <reporter-output>
          </reporter-output>
        </test-method> <!-- shouldCorrectlyRankWhenUpdatedWithEmptyOtherRankings -->
        <test-method status="PASS" signature="shouldCorrectlyRankWhenUpdatedWithEmptyOtherRankings(java.util.List, java.util.List)[pri:0, instance:org.apache.storm.starter.tools.RankingsTest@598067a5]" name="shouldCorrectlyRankWhenUpdatedWithEmptyOtherRankings" duration-ms="0" started-at="2017-02-08T12:48:52Z" data-provider="simulatedRankingsData" finished-at="2017-02-08T12:48:52Z">
          <params>
            <param index="0">
              <value>
                <![CDATA[[[B|2], [F|6], [A|1], [C|3], [D|4], [E|5]]]]>
              </value>
            </param>
            <param index="1">
              <value>
                <![CDATA[[[F|6], [E|5], [D|4], [C|3], [B|2], [A|1]]]]>
              </value>
            </param>
          </params>
          <reporter-output>
          </reporter-output>
        </test-method> <!-- shouldCorrectlyRankWhenUpdatedWithEmptyOtherRankings -->
        <test-method status="PASS" signature="shouldCorrectlyRankWhenUpdatedWithRankables(java.util.List, java.util.List)[pri:0, instance:org.apache.storm.starter.tools.RankingsTest@598067a5]" name="shouldCorrectlyRankWhenUpdatedWithRankables" duration-ms="0" started-at="2017-02-08T12:48:52Z" data-provider="simulatedRankingsData" finished-at="2017-02-08T12:48:52Z">
          <params>
            <param index="0">
              <value>
                <![CDATA[[[A|1]]]]>
              </value>
            </param>
            <param index="1">
              <value>
                <![CDATA[[[A|1]]]]>
              </value>
            </param>
          </params>
          <reporter-output>
          </reporter-output>
        </test-method> <!-- shouldCorrectlyRankWhenUpdatedWithRankables -->
        <test-method status="PASS" signature="shouldCorrectlyRankWhenUpdatedWithRankables(java.util.List, java.util.List)[pri:0, instance:org.apache.storm.starter.tools.RankingsTest@598067a5]" name="shouldCorrectlyRankWhenUpdatedWithRankables" duration-ms="1" started-at="2017-02-08T12:48:52Z" data-provider="simulatedRankingsData" finished-at="2017-02-08T12:48:52Z">
          <params>
            <param index="0">
              <value>
                <![CDATA[[[B|2], [D|4], [A|1], [C|3]]]]>
              </value>
            </param>
            <param index="1">
              <value>
                <![CDATA[[[D|4], [C|3], [B|2], [A|1]]]]>
              </value>
            </param>
          </params>
          <reporter-output>
          </reporter-output>
        </test-method> <!-- shouldCorrectlyRankWhenUpdatedWithRankables -->
        <test-method status="PASS" signature="shouldCorrectlyRankWhenUpdatedWithRankables(java.util.List, java.util.List)[pri:0, instance:org.apache.storm.starter.tools.RankingsTest@598067a5]" name="shouldCorrectlyRankWhenUpdatedWithRankables" duration-ms="0" started-at="2017-02-08T12:48:52Z" data-provider="simulatedRankingsData" finished-at="2017-02-08T12:48:52Z">
          <params>
            <param index="0">
              <value>
                <![CDATA[[[B|2], [F|6], [A|1], [C|3], [D|4], [E|5]]]]>
              </value>
            </param>
            <param index="1">
              <value>
                <![CDATA[[[F|6], [E|5], [D|4], [C|3], [B|2], [A|1]]]]>
              </value>
            </param>
          </params>
          <reporter-output>
          </reporter-output>
        </test-method> <!-- shouldCorrectlyRankWhenUpdatedWithRankables -->
        <test-method status="PASS" signature="shouldCorrectlyRankWhenUpdatedWithRankables(java.util.List, java.util.List)[pri:0, instance:org.apache.storm.starter.tools.RankingsTest@598067a5]" name="shouldCorrectlyRankWhenUpdatedWithRankables" duration-ms="1" started-at="2017-02-08T12:48:52Z" data-provider="simulatedRankingsData" finished-at="2017-02-08T12:48:52Z">
          <params>
            <param index="0">
              <value>
                <![CDATA[[[G|7], [B|2], [F|6], [A|1], [C|3], [D|4], [E|5], [H|8]]]]>
              </value>
            </param>
            <param index="1">
              <value>
                <![CDATA[[[H|8], [G|7], [F|6], [E|5], [D|4], [C|3], [B|2], [A|1]]]]>
              </value>
            </param>
          </params>
          <reporter-output>
          </reporter-output>
        </test-method> <!-- shouldCorrectlyRankWhenUpdatedWithRankables -->
        <test-method status="PASS" signature="shouldHaveDefaultConstructor()[pri:0, instance:org.apache.storm.starter.tools.RankingsTest@598067a5]" name="shouldHaveDefaultConstructor" duration-ms="1" started-at="2017-02-08T12:48:52Z" finished-at="2017-02-08T12:48:52Z">
          <reporter-output>
          </reporter-output>
        </test-method> <!-- shouldHaveDefaultConstructor -->
        <test-method status="PASS" signature="shouldNotRankDuplicateObjectsMoreThanOnce(java.util.List)[pri:0, instance:org.apache.storm.starter.tools.RankingsTest@598067a5]" name="shouldNotRankDuplicateObjectsMoreThanOnce" duration-ms="0" started-at="2017-02-08T12:48:52Z" data-provider="duplicatesData" finished-at="2017-02-08T12:48:52Z">
          <params>
            <param index="0">
              <value>
                <![CDATA[[[someObject|42], [someObject|42], [someObject|42]]]]>
              </value>
            </param>
          </params>
          <reporter-output>
          </reporter-output>
        </test-method> <!-- shouldNotRankDuplicateObjectsMoreThanOnce -->
        <test-method status="PASS" signature="shouldNotRankDuplicateObjectsMoreThanOnce(java.util.List)[pri:0, instance:org.apache.storm.starter.tools.RankingsTest@598067a5]" name="shouldNotRankDuplicateObjectsMoreThanOnce" duration-ms="0" started-at="2017-02-08T12:48:52Z" data-provider="duplicatesData" finished-at="2017-02-08T12:48:52Z">
          <params>
            <param index="0">
              <value>
                <![CDATA[[[A|1], [A|2], [A|3]]]]>
              </value>
            </param>
          </params>
          <reporter-output>
          </reporter-output>
        </test-method> <!-- shouldNotRankDuplicateObjectsMoreThanOnce -->
        <test-method status="PASS" signature="shouldRemoveZeroCounts(java.util.List, java.util.List)[pri:0, instance:org.apache.storm.starter.tools.RankingsTest@598067a5]" name="shouldRemoveZeroCounts" duration-ms="1" started-at="2017-02-08T12:48:52Z" data-provider="removeZeroRankingsData" finished-at="2017-02-08T12:48:52Z">
          <params>
            <param index="0">
              <value>
                <![CDATA[[[A|1]]]]>
              </value>
            </param>
            <param index="1">
              <value>
                <![CDATA[[[A|1]]]]>
              </value>
            </param>
          </params>
          <reporter-output>
          </reporter-output>
        </test-method> <!-- shouldRemoveZeroCounts -->
        <test-method status="PASS" signature="shouldRemoveZeroCounts(java.util.List, java.util.List)[pri:0, instance:org.apache.storm.starter.tools.RankingsTest@598067a5]" name="shouldRemoveZeroCounts" duration-ms="0" started-at="2017-02-08T12:48:52Z" data-provider="removeZeroRankingsData" finished-at="2017-02-08T12:48:52Z">
          <params>
            <param index="0">
              <value>
                <![CDATA[[[A|1], [ZERO_COUNT|0]]]]>
              </value>
            </param>
            <param index="1">
              <value>
                <![CDATA[[[A|1]]]]>
              </value>
            </param>
          </params>
          <reporter-output>
          </reporter-output>
        </test-method> <!-- shouldRemoveZeroCounts -->
        <test-method status="PASS" signature="shouldRemoveZeroCounts(java.util.List, java.util.List)[pri:0, instance:org.apache.storm.starter.tools.RankingsTest@598067a5]" name="shouldRemoveZeroCounts" duration-ms="2" started-at="2017-02-08T12:48:52Z" data-provider="removeZeroRankingsData" finished-at="2017-02-08T12:48:52Z">
          <params>
            <param index="0">
              <value>
                <![CDATA[[[ZERO_COUNT|0], [A|1]]]]>
              </value>
            </param>
            <param index="1">
              <value>
                <![CDATA[[[A|1]]]]>
              </value>
            </param>
          </params>
          <reporter-output>
          </reporter-output>
        </test-method> <!-- shouldRemoveZeroCounts -->
        <test-method status="PASS" signature="shouldRemoveZeroCounts(java.util.List, java.util.List)[pri:0, instance:org.apache.storm.starter.tools.RankingsTest@598067a5]" name="shouldRemoveZeroCounts" duration-ms="1" started-at="2017-02-08T12:48:52Z" data-provider="removeZeroRankingsData" finished-at="2017-02-08T12:48:52Z">
          <params>
            <param index="0">
              <value>
                <![CDATA[[[ZERO_COUNT|0]]]]>
              </value>
            </param>
            <param index="1">
              <value>
                <![CDATA[[]]]>
              </value>
            </param>
          </params>
          <reporter-output>
          </reporter-output>
        </test-method> <!-- shouldRemoveZeroCounts -->
        <test-method status="PASS" signature="shouldRemoveZeroCounts(java.util.List, java.util.List)[pri:0, instance:org.apache.storm.starter.tools.RankingsTest@598067a5]" name="shouldRemoveZeroCounts" duration-ms="0" started-at="2017-02-08T12:48:52Z" data-provider="removeZeroRankingsData" finished-at="2017-02-08T12:48:52Z">
          <params>
            <param index="0">
              <value>
                <![CDATA[[[B|2], [ZERO_COUNT|0], [ZERO2|0], [D|4], [ZERO3|0], [ZERO4|0], [C|3]]]]>
              </value>
            </param>
            <param index="1">
              <value>
                <![CDATA[[[D|4], [C|3], [B|2]]]]>
              </value>
            </param>
          </params>
          <reporter-output>
          </reporter-output>
        </test-method> <!-- shouldRemoveZeroCounts -->
        <test-method status="PASS" signature="shouldRemoveZeroCounts(java.util.List, java.util.List)[pri:0, instance:org.apache.storm.starter.tools.RankingsTest@598067a5]" name="shouldRemoveZeroCounts" duration-ms="0" started-at="2017-02-08T12:48:52Z" data-provider="removeZeroRankingsData" finished-at="2017-02-08T12:48:52Z">
          <params>
            <param index="0">
              <value>
                <![CDATA[[[ZERO_COUNT|0], [ZERO2|0]]]]>
              </value>
            </param>
            <param index="1">
              <value>
                <![CDATA[[]]]>
              </value>
            </param>
          </params>
          <reporter-output>
          </reporter-output>
        </test-method> <!-- shouldRemoveZeroCounts -->
        <test-method status="PASS" signature="shouldRemoveZeroCounts(java.util.List, java.util.List)[pri:0, instance:org.apache.storm.starter.tools.RankingsTest@598067a5]" name="shouldRemoveZeroCounts" duration-ms="1" started-at="2017-02-08T12:48:52Z" data-provider="removeZeroRankingsData" finished-at="2017-02-08T12:48:52Z">
          <params>
            <param index="0">
              <value>
                <![CDATA[[[A|1], [ZERO_COUNT|0], [B|2]]]]>
              </value>
            </param>
            <param index="1">
              <value>
                <![CDATA[[[B|2], [A|1]]]]>
              </value>
            </param>
          </params>
          <reporter-output>
          </reporter-output>
        </test-method> <!-- shouldRemoveZeroCounts -->
        <test-method status="PASS" signature="sizeOfRankingsShouldNotGrowBeyondTopN(int, java.util.List)[pri:0, instance:org.apache.storm.starter.tools.RankingsTest@598067a5]" name="sizeOfRankingsShouldNotGrowBeyondTopN" duration-ms="0" started-at="2017-02-08T12:48:52Z" data-provider="rankingsGrowData" finished-at="2017-02-08T12:48:52Z">
          <params>
            <param index="0">
              <value>
                <![CDATA[2]]>
              </value>
            </param>
            <param index="1">
              <value>
                <![CDATA[[[A|1], [B|2], [C|3]]]]>
              </value>
            </param>
          </params>
          <reporter-output>
          </reporter-output>
        </test-method> <!-- sizeOfRankingsShouldNotGrowBeyondTopN -->
        <test-method status="PASS" signature="sizeOfRankingsShouldNotGrowBeyondTopN(int, java.util.List)[pri:0, instance:org.apache.storm.starter.tools.RankingsTest@598067a5]" name="sizeOfRankingsShouldNotGrowBeyondTopN" duration-ms="0" started-at="2017-02-08T12:48:52Z" data-provider="rankingsGrowData" finished-at="2017-02-08T12:48:52Z">
          <params>
            <param index="0">
              <value>
                <![CDATA[2]]>
              </value>
            </param>
            <param index="1">
              <value>
                <![CDATA[[[A|1], [B|2], [C|3], [D|4]]]]>
              </value>
            </param>
          </params>
          <reporter-output>
          </reporter-output>
        </test-method> <!-- sizeOfRankingsShouldNotGrowBeyondTopN -->
        <test-method status="PASS" signature="updatingWithNewRankablesShouldBeThreadSafe()[pri:0, instance:org.apache.storm.starter.tools.RankingsTest@598067a5]" name="updatingWithNewRankablesShouldBeThreadSafe" duration-ms="17" started-at="2017-02-08T12:48:52Z" finished-at="2017-02-08T12:48:52Z">
          <reporter-output>
          </reporter-output>
        </test-method> <!-- updatingWithNewRankablesShouldBeThreadSafe -->
      </class> <!-- org.apache.storm.starter.tools.RankingsTest -->
    </test> <!-- Surefire test -->
  </suite> <!-- Surefire suite -->
</testng-results>
